mode: set
github.com/ltruelove/gohome/main.go:26.13,31.16 3 0
github.com/ltruelove/gohome/main.go:31.16,32.13 1 0
github.com/ltruelove/gohome/main.go:35.2,38.16 3 0
github.com/ltruelove/gohome/main.go:38.16,39.13 1 0
github.com/ltruelove/gohome/main.go:42.2,51.19 5 0
github.com/ltruelove/gohome/main.go:51.19,53.3 1 0
github.com/ltruelove/gohome/main.go:55.2,108.116 27 0
github.com/ltruelove/gohome/config/configuration.go:20.53,22.2 1 0
github.com/ltruelove/gohome/internal/app/models/ControlPoint.go:22.62,27.13 4 0
github.com/ltruelove/gohome/internal/app/models/ControlPoint.go:27.13,28.18 1 0
github.com/ltruelove/gohome/internal/app/models/ControlPoint.go:28.18,31.4 2 0
github.com/ltruelove/gohome/internal/app/models/ControlPoint.go:34.2,34.40 1 0
github.com/ltruelove/gohome/internal/app/models/ControlPoint.go:34.40,35.33 1 0
github.com/ltruelove/gohome/internal/app/models/ControlPoint.go:35.33,37.4 1 0
github.com/ltruelove/gohome/internal/app/models/ControlPoint.go:37.9,39.4 1 0
github.com/ltruelove/gohome/internal/app/models/ControlPoint.go:40.3,40.18 1 0
github.com/ltruelove/gohome/internal/app/models/ControlPoint.go:43.2,43.45 1 0
github.com/ltruelove/gohome/internal/app/models/ControlPoint.go:43.45,44.33 1 0
github.com/ltruelove/gohome/internal/app/models/ControlPoint.go:44.33,46.4 1 0
github.com/ltruelove/gohome/internal/app/models/ControlPoint.go:46.9,48.4 1 0
github.com/ltruelove/gohome/internal/app/models/ControlPoint.go:49.3,49.18 1 0
github.com/ltruelove/gohome/internal/app/models/ControlPoint.go:52.2,52.39 1 0
github.com/ltruelove/gohome/internal/app/models/ControlPoint.go:52.39,53.33 1 0
github.com/ltruelove/gohome/internal/app/models/ControlPoint.go:53.33,55.4 1 0
github.com/ltruelove/gohome/internal/app/models/ControlPoint.go:55.9,57.4 1 0
github.com/ltruelove/gohome/internal/app/models/ControlPoint.go:58.3,58.18 1 0
github.com/ltruelove/gohome/internal/app/models/ControlPoint.go:61.2,61.14 1 0
github.com/ltruelove/gohome/internal/app/models/ControlPoint.go:61.14,64.3 2 0
github.com/ltruelove/gohome/internal/app/models/ControlPoint.go:66.2,66.21 1 0
github.com/ltruelove/gohome/internal/app/models/ControlPoint.go:69.52,74.45 4 0
github.com/ltruelove/gohome/internal/app/models/ControlPoint.go:74.45,75.33 1 0
github.com/ltruelove/gohome/internal/app/models/ControlPoint.go:75.33,77.4 1 0
github.com/ltruelove/gohome/internal/app/models/ControlPoint.go:77.9,79.4 1 0
github.com/ltruelove/gohome/internal/app/models/ControlPoint.go:80.3,80.18 1 0
github.com/ltruelove/gohome/internal/app/models/ControlPoint.go:83.2,83.14 1 0
github.com/ltruelove/gohome/internal/app/models/ControlPoint.go:83.14,86.3 2 0
github.com/ltruelove/gohome/internal/app/models/ControlPoint.go:88.2,88.12 1 0
github.com/ltruelove/gohome/internal/app/models/ControlPointNode.go:15.63,16.26 1 0
github.com/ltruelove/gohome/internal/app/models/ControlPointNode.go:16.26,18.3 1 0
github.com/ltruelove/gohome/internal/app/models/ControlPointNode.go:19.2,19.27 1 0
github.com/ltruelove/gohome/internal/app/models/ControlPointNode.go:19.27,21.3 1 0
github.com/ltruelove/gohome/internal/app/models/ControlPointNode.go:22.2,22.19 1 0
github.com/ltruelove/gohome/internal/app/models/ControlPointNode.go:22.19,24.3 1 0
github.com/ltruelove/gohome/internal/app/models/ControlPointNode.go:25.2,25.18 1 0
github.com/ltruelove/gohome/internal/app/models/IpAddress.go:11.57,12.17 1 0
github.com/ltruelove/gohome/internal/app/models/IpAddress.go:12.17,14.3 1 0
github.com/ltruelove/gohome/internal/app/models/IpAddress.go:15.2,15.18 1 0
github.com/ltruelove/gohome/internal/app/models/MagneticLogData.go:15.62,16.26 1 0
github.com/ltruelove/gohome/internal/app/models/MagneticLogData.go:16.26,18.3 1 0
github.com/ltruelove/gohome/internal/app/models/MagneticLogData.go:19.2,19.28 1 0
github.com/ltruelove/gohome/internal/app/models/MagneticLogData.go:19.28,21.3 1 0
github.com/ltruelove/gohome/internal/app/models/MagneticLogData.go:23.2,23.18 1 0
github.com/ltruelove/gohome/internal/app/models/MoistureLogData.go:15.62,16.26 1 0
github.com/ltruelove/gohome/internal/app/models/MoistureLogData.go:16.26,18.3 1 0
github.com/ltruelove/gohome/internal/app/models/MoistureLogData.go:19.2,19.28 1 0
github.com/ltruelove/gohome/internal/app/models/MoistureLogData.go:19.28,21.3 1 0
github.com/ltruelove/gohome/internal/app/models/MoistureLogData.go:22.2,22.20 1 0
github.com/ltruelove/gohome/internal/app/models/MoistureLogData.go:22.20,24.3 1 0
github.com/ltruelove/gohome/internal/app/models/MoistureLogData.go:25.2,25.18 1 0
github.com/ltruelove/gohome/internal/app/models/Node.go:22.44,27.45 4 0
github.com/ltruelove/gohome/internal/app/models/Node.go:27.45,28.33 1 0
github.com/ltruelove/gohome/internal/app/models/Node.go:28.33,30.4 1 0
github.com/ltruelove/gohome/internal/app/models/Node.go:30.9,32.4 1 0
github.com/ltruelove/gohome/internal/app/models/Node.go:33.3,33.18 1 0
github.com/ltruelove/gohome/internal/app/models/Node.go:36.2,36.14 1 0
github.com/ltruelove/gohome/internal/app/models/Node.go:36.14,39.3 2 0
github.com/ltruelove/gohome/internal/app/models/Node.go:41.2,41.12 1 0
github.com/ltruelove/gohome/internal/app/models/Node.go:44.54,49.13 4 0
github.com/ltruelove/gohome/internal/app/models/Node.go:49.13,50.18 1 0
github.com/ltruelove/gohome/internal/app/models/Node.go:50.18,53.4 2 0
github.com/ltruelove/gohome/internal/app/models/Node.go:56.2,56.40 1 0
github.com/ltruelove/gohome/internal/app/models/Node.go:56.40,57.33 1 0
github.com/ltruelove/gohome/internal/app/models/Node.go:57.33,59.4 1 0
github.com/ltruelove/gohome/internal/app/models/Node.go:59.9,61.4 1 0
github.com/ltruelove/gohome/internal/app/models/Node.go:62.3,62.18 1 0
github.com/ltruelove/gohome/internal/app/models/Node.go:65.2,65.39 1 0
github.com/ltruelove/gohome/internal/app/models/Node.go:65.39,66.33 1 0
github.com/ltruelove/gohome/internal/app/models/Node.go:66.33,68.4 1 0
github.com/ltruelove/gohome/internal/app/models/Node.go:68.9,70.4 1 0
github.com/ltruelove/gohome/internal/app/models/Node.go:71.3,71.18 1 0
github.com/ltruelove/gohome/internal/app/models/Node.go:74.2,74.14 1 0
github.com/ltruelove/gohome/internal/app/models/Node.go:74.14,77.3 2 0
github.com/ltruelove/gohome/internal/app/models/Node.go:79.2,79.21 1 0
github.com/ltruelove/gohome/internal/app/models/NodeData.go:25.55,29.30 3 0
github.com/ltruelove/gohome/internal/app/models/NodeData.go:29.30,32.3 2 0
github.com/ltruelove/gohome/internal/app/models/NodeData.go:33.2,33.30 1 0
github.com/ltruelove/gohome/internal/app/models/NodeData.go:33.30,36.3 2 0
github.com/ltruelove/gohome/internal/app/models/NodeData.go:37.2,37.30 1 0
github.com/ltruelove/gohome/internal/app/models/NodeData.go:37.30,40.3 2 0
github.com/ltruelove/gohome/internal/app/models/NodeData.go:41.2,41.40 1 0
github.com/ltruelove/gohome/internal/app/models/NodeData.go:41.40,44.3 2 0
github.com/ltruelove/gohome/internal/app/models/NodeData.go:45.2,45.40 1 0
github.com/ltruelove/gohome/internal/app/models/NodeData.go:45.40,48.3 2 0
github.com/ltruelove/gohome/internal/app/models/NodeData.go:49.2,49.25 1 0
github.com/ltruelove/gohome/internal/app/models/NodeData.go:49.25,52.3 2 0
github.com/ltruelove/gohome/internal/app/models/NodeData.go:54.2,54.14 1 0
github.com/ltruelove/gohome/internal/app/models/NodeData.go:54.14,55.19 1 0
github.com/ltruelove/gohome/internal/app/models/NodeData.go:55.19,57.4 1 0
github.com/ltruelove/gohome/internal/app/models/NodeData.go:58.3,58.20 1 0
github.com/ltruelove/gohome/internal/app/models/NodeData.go:61.2,61.18 1 0
github.com/ltruelove/gohome/internal/app/models/NodeSensor.go:26.60,31.13 4 1
github.com/ltruelove/gohome/internal/app/models/NodeSensor.go:31.13,32.18 1 1
github.com/ltruelove/gohome/internal/app/models/NodeSensor.go:32.18,35.4 2 1
github.com/ltruelove/gohome/internal/app/models/NodeSensor.go:38.2,38.21 1 1
github.com/ltruelove/gohome/internal/app/models/NodeSensor.go:38.21,39.33 1 0
github.com/ltruelove/gohome/internal/app/models/NodeSensor.go:39.33,41.4 1 0
github.com/ltruelove/gohome/internal/app/models/NodeSensor.go:41.9,43.4 1 0
github.com/ltruelove/gohome/internal/app/models/NodeSensor.go:44.3,44.18 1 0
github.com/ltruelove/gohome/internal/app/models/NodeSensor.go:47.2,47.27 1 1
github.com/ltruelove/gohome/internal/app/models/NodeSensor.go:47.27,48.33 1 0
github.com/ltruelove/gohome/internal/app/models/NodeSensor.go:48.33,50.4 1 0
github.com/ltruelove/gohome/internal/app/models/NodeSensor.go:50.9,52.4 1 0
github.com/ltruelove/gohome/internal/app/models/NodeSensor.go:53.3,53.18 1 0
github.com/ltruelove/gohome/internal/app/models/NodeSensor.go:56.2,56.40 1 1
github.com/ltruelove/gohome/internal/app/models/NodeSensor.go:56.40,57.33 1 1
github.com/ltruelove/gohome/internal/app/models/NodeSensor.go:57.33,59.4 1 0
github.com/ltruelove/gohome/internal/app/models/NodeSensor.go:59.9,61.4 1 1
github.com/ltruelove/gohome/internal/app/models/NodeSensor.go:62.3,62.18 1 1
github.com/ltruelove/gohome/internal/app/models/NodeSensor.go:65.2,65.18 1 1
github.com/ltruelove/gohome/internal/app/models/NodeSensor.go:65.18,66.33 1 0
github.com/ltruelove/gohome/internal/app/models/NodeSensor.go:66.33,68.4 1 0
github.com/ltruelove/gohome/internal/app/models/NodeSensor.go:68.9,70.4 1 0
github.com/ltruelove/gohome/internal/app/models/NodeSensor.go:71.3,71.18 1 0
github.com/ltruelove/gohome/internal/app/models/NodeSensor.go:74.2,74.14 1 1
github.com/ltruelove/gohome/internal/app/models/NodeSensor.go:74.14,77.3 2 1
github.com/ltruelove/gohome/internal/app/models/NodeSensor.go:79.2,79.21 1 1
github.com/ltruelove/gohome/internal/app/models/NodeSensorLog.go:19.60,23.26 3 0
github.com/ltruelove/gohome/internal/app/models/NodeSensorLog.go:23.26,26.3 2 0
github.com/ltruelove/gohome/internal/app/models/NodeSensorLog.go:27.2,27.19 1 0
github.com/ltruelove/gohome/internal/app/models/NodeSensorLog.go:27.19,30.3 2 0
github.com/ltruelove/gohome/internal/app/models/NodeSensorLog.go:31.2,31.27 1 0
github.com/ltruelove/gohome/internal/app/models/NodeSensorLog.go:31.27,34.3 2 0
github.com/ltruelove/gohome/internal/app/models/NodeSensorLog.go:36.2,36.14 1 0
github.com/ltruelove/gohome/internal/app/models/NodeSensorLog.go:36.14,37.19 1 0
github.com/ltruelove/gohome/internal/app/models/NodeSensorLog.go:37.19,39.4 1 0
github.com/ltruelove/gohome/internal/app/models/NodeSensorLog.go:40.3,40.20 1 0
github.com/ltruelove/gohome/internal/app/models/NodeSensorLog.go:42.2,42.18 1 0
github.com/ltruelove/gohome/internal/app/models/NodeSwitch.go:28.60,33.13 4 0
github.com/ltruelove/gohome/internal/app/models/NodeSwitch.go:33.13,34.18 1 0
github.com/ltruelove/gohome/internal/app/models/NodeSwitch.go:34.18,37.4 2 0
github.com/ltruelove/gohome/internal/app/models/NodeSwitch.go:40.2,40.21 1 0
github.com/ltruelove/gohome/internal/app/models/NodeSwitch.go:40.21,41.33 1 0
github.com/ltruelove/gohome/internal/app/models/NodeSwitch.go:41.33,43.4 1 0
github.com/ltruelove/gohome/internal/app/models/NodeSwitch.go:43.9,45.4 1 0
github.com/ltruelove/gohome/internal/app/models/NodeSwitch.go:46.3,46.18 1 0
github.com/ltruelove/gohome/internal/app/models/NodeSwitch.go:49.2,49.27 1 0
github.com/ltruelove/gohome/internal/app/models/NodeSwitch.go:49.27,50.33 1 0
github.com/ltruelove/gohome/internal/app/models/NodeSwitch.go:50.33,52.4 1 0
github.com/ltruelove/gohome/internal/app/models/NodeSwitch.go:52.9,54.4 1 0
github.com/ltruelove/gohome/internal/app/models/NodeSwitch.go:55.3,55.18 1 0
github.com/ltruelove/gohome/internal/app/models/NodeSwitch.go:58.2,58.40 1 0
github.com/ltruelove/gohome/internal/app/models/NodeSwitch.go:58.40,59.33 1 0
github.com/ltruelove/gohome/internal/app/models/NodeSwitch.go:59.33,61.4 1 0
github.com/ltruelove/gohome/internal/app/models/NodeSwitch.go:61.9,63.4 1 0
github.com/ltruelove/gohome/internal/app/models/NodeSwitch.go:64.3,64.18 1 0
github.com/ltruelove/gohome/internal/app/models/NodeSwitch.go:67.2,67.18 1 0
github.com/ltruelove/gohome/internal/app/models/NodeSwitch.go:67.18,68.33 1 0
github.com/ltruelove/gohome/internal/app/models/NodeSwitch.go:68.33,70.4 1 0
github.com/ltruelove/gohome/internal/app/models/NodeSwitch.go:70.9,72.4 1 0
github.com/ltruelove/gohome/internal/app/models/NodeSwitch.go:73.3,73.18 1 0
github.com/ltruelove/gohome/internal/app/models/NodeSwitch.go:76.2,76.14 1 0
github.com/ltruelove/gohome/internal/app/models/NodeSwitch.go:76.14,79.3 2 0
github.com/ltruelove/gohome/internal/app/models/NodeSwitch.go:81.2,81.21 1 0
github.com/ltruelove/gohome/internal/app/models/PinRequest.go:9.57,10.21 1 0
github.com/ltruelove/gohome/internal/app/models/PinRequest.go:10.21,12.3 1 0
github.com/ltruelove/gohome/internal/app/models/PinRequest.go:13.2,13.18 1 0
github.com/ltruelove/gohome/internal/app/models/ResistorLogData.go:15.62,16.26 1 0
github.com/ltruelove/gohome/internal/app/models/ResistorLogData.go:16.26,18.3 1 0
github.com/ltruelove/gohome/internal/app/models/ResistorLogData.go:19.2,19.28 1 0
github.com/ltruelove/gohome/internal/app/models/ResistorLogData.go:19.28,21.3 1 0
github.com/ltruelove/gohome/internal/app/models/ResistorLogData.go:22.2,22.25 1 0
github.com/ltruelove/gohome/internal/app/models/ResistorLogData.go:22.25,24.3 1 0
github.com/ltruelove/gohome/internal/app/models/ResistorLogData.go:25.2,25.18 1 0
github.com/ltruelove/gohome/internal/app/models/RoomTemperature.go:13.50,14.28 1 0
github.com/ltruelove/gohome/internal/app/models/RoomTemperature.go:14.28,16.3 1 0
github.com/ltruelove/gohome/internal/app/models/RoomTemperature.go:17.2,17.25 1 0
github.com/ltruelove/gohome/internal/app/models/RoomTemperature.go:17.25,19.3 1 0
github.com/ltruelove/gohome/internal/app/models/RoomTemperature.go:20.2,20.40 1 0
github.com/ltruelove/gohome/internal/app/models/RoomTemperature.go:20.40,22.3 1 0
github.com/ltruelove/gohome/internal/app/models/RoomTemperature.go:23.2,23.18 1 0
github.com/ltruelove/gohome/internal/app/models/RoomTemperature.go:23.18,25.3 1 0
github.com/ltruelove/gohome/internal/app/models/RoomTemperature.go:27.2,27.18 1 0
github.com/ltruelove/gohome/internal/app/models/SensorType.go:10.57,11.26 1 1
github.com/ltruelove/gohome/internal/app/models/SensorType.go:11.26,13.3 1 1
github.com/ltruelove/gohome/internal/app/models/SensorType.go:14.2,14.22 1 1
github.com/ltruelove/gohome/internal/app/models/SensorType.go:14.22,16.3 1 1
github.com/ltruelove/gohome/internal/app/models/SensorType.go:17.2,17.18 1 1
github.com/ltruelove/gohome/internal/app/models/SensorTypeData.go:12.61,13.26 1 0
github.com/ltruelove/gohome/internal/app/models/SensorTypeData.go:13.26,15.3 1 0
github.com/ltruelove/gohome/internal/app/models/SensorTypeData.go:16.2,16.25 1 0
github.com/ltruelove/gohome/internal/app/models/SensorTypeData.go:16.25,18.3 1 0
github.com/ltruelove/gohome/internal/app/models/SensorTypeData.go:19.2,19.18 1 0
github.com/ltruelove/gohome/internal/app/models/SensorTypeData.go:19.18,21.3 1 0
github.com/ltruelove/gohome/internal/app/models/SensorTypeData.go:22.2,22.23 1 0
github.com/ltruelove/gohome/internal/app/models/SensorTypeData.go:22.23,24.3 1 0
github.com/ltruelove/gohome/internal/app/models/SensorTypeData.go:25.2,25.18 1 0
github.com/ltruelove/gohome/internal/app/models/SwitchType.go:10.57,11.26 1 1
github.com/ltruelove/gohome/internal/app/models/SwitchType.go:11.26,13.3 1 1
github.com/ltruelove/gohome/internal/app/models/SwitchType.go:14.2,14.18 1 1
github.com/ltruelove/gohome/internal/app/models/SwitchType.go:14.18,16.3 1 1
github.com/ltruelove/gohome/internal/app/models/SwitchType.go:17.2,17.18 1 1
github.com/ltruelove/gohome/internal/app/models/TempLogData.go:19.58,23.26 3 0
github.com/ltruelove/gohome/internal/app/models/TempLogData.go:23.26,26.3 2 0
github.com/ltruelove/gohome/internal/app/models/TempLogData.go:27.2,27.28 1 0
github.com/ltruelove/gohome/internal/app/models/TempLogData.go:27.28,30.3 2 0
github.com/ltruelove/gohome/internal/app/models/TempLogData.go:31.2,31.30 1 0
github.com/ltruelove/gohome/internal/app/models/TempLogData.go:31.30,34.3 2 0
github.com/ltruelove/gohome/internal/app/models/TempLogData.go:35.2,35.30 1 0
github.com/ltruelove/gohome/internal/app/models/TempLogData.go:35.30,38.3 2 0
github.com/ltruelove/gohome/internal/app/models/TempLogData.go:39.2,39.40 1 0
github.com/ltruelove/gohome/internal/app/models/TempLogData.go:39.40,42.3 2 0
github.com/ltruelove/gohome/internal/app/models/TempLogData.go:44.2,44.14 1 0
github.com/ltruelove/gohome/internal/app/models/TempLogData.go:44.14,45.19 1 0
github.com/ltruelove/gohome/internal/app/models/TempLogData.go:45.19,47.4 1 0
github.com/ltruelove/gohome/internal/app/models/TempLogData.go:48.3,48.20 1 0
github.com/ltruelove/gohome/internal/app/models/TempLogData.go:50.2,50.18 1 0
github.com/ltruelove/gohome/internal/app/models/View.go:10.51,14.26 3 0
github.com/ltruelove/gohome/internal/app/models/View.go:14.26,17.3 2 0
github.com/ltruelove/gohome/internal/app/models/View.go:18.2,18.18 1 0
github.com/ltruelove/gohome/internal/app/models/View.go:18.18,21.3 2 0
github.com/ltruelove/gohome/internal/app/models/View.go:23.2,23.14 1 0
github.com/ltruelove/gohome/internal/app/models/View.go:23.14,24.19 1 0
github.com/ltruelove/gohome/internal/app/models/View.go:24.19,26.4 1 0
github.com/ltruelove/gohome/internal/app/models/View.go:27.3,27.20 1 0
github.com/ltruelove/gohome/internal/app/models/View.go:29.2,29.18 1 0
github.com/ltruelove/gohome/internal/app/models/ViewNodeSensorData.go:13.65,17.26 3 0
github.com/ltruelove/gohome/internal/app/models/ViewNodeSensorData.go:17.26,20.3 2 0
github.com/ltruelove/gohome/internal/app/models/ViewNodeSensorData.go:21.2,21.19 1 0
github.com/ltruelove/gohome/internal/app/models/ViewNodeSensorData.go:21.19,24.3 2 0
github.com/ltruelove/gohome/internal/app/models/ViewNodeSensorData.go:25.2,25.19 1 0
github.com/ltruelove/gohome/internal/app/models/ViewNodeSensorData.go:25.19,28.3 2 0
github.com/ltruelove/gohome/internal/app/models/ViewNodeSensorData.go:29.2,29.25 1 0
github.com/ltruelove/gohome/internal/app/models/ViewNodeSensorData.go:29.25,32.3 2 0
github.com/ltruelove/gohome/internal/app/models/ViewNodeSensorData.go:33.2,33.18 1 0
github.com/ltruelove/gohome/internal/app/models/ViewNodeSensorData.go:33.18,36.3 2 0
github.com/ltruelove/gohome/internal/app/models/ViewNodeSensorData.go:38.2,38.14 1 0
github.com/ltruelove/gohome/internal/app/models/ViewNodeSensorData.go:38.14,39.19 1 0
github.com/ltruelove/gohome/internal/app/models/ViewNodeSensorData.go:39.19,41.4 1 0
github.com/ltruelove/gohome/internal/app/models/ViewNodeSensorData.go:42.3,42.20 1 0
github.com/ltruelove/gohome/internal/app/models/ViewNodeSensorData.go:44.2,44.18 1 0
github.com/ltruelove/gohome/internal/app/models/ViewNodeSwitchData.go:13.65,14.26 1 0
github.com/ltruelove/gohome/internal/app/models/ViewNodeSwitchData.go:14.26,16.3 1 0
github.com/ltruelove/gohome/internal/app/models/ViewNodeSwitchData.go:17.2,17.19 1 0
github.com/ltruelove/gohome/internal/app/models/ViewNodeSwitchData.go:17.19,19.3 1 0
github.com/ltruelove/gohome/internal/app/models/ViewNodeSwitchData.go:20.2,20.19 1 0
github.com/ltruelove/gohome/internal/app/models/ViewNodeSwitchData.go:20.19,22.3 1 0
github.com/ltruelove/gohome/internal/app/models/ViewNodeSwitchData.go:23.2,23.25 1 0
github.com/ltruelove/gohome/internal/app/models/ViewNodeSwitchData.go:23.25,25.3 1 0
github.com/ltruelove/gohome/internal/app/models/ViewNodeSwitchData.go:26.2,26.18 1 0
github.com/ltruelove/gohome/internal/app/models/ViewNodeSwitchData.go:26.18,28.3 1 0
github.com/ltruelove/gohome/internal/app/models/ViewNodeSwitchData.go:29.2,29.18 1 0
github.com/ltruelove/gohome/internal/app/repository/compound_mysql_scaffold.go:17.94,19.2 1 1
github.com/ltruelove/gohome/internal/app/repository/compound_mysql_scaffold.go:21.118,24.16 3 1
github.com/ltruelove/gohome/internal/app/repository/compound_mysql_scaffold.go:24.16,26.3 1 0
github.com/ltruelove/gohome/internal/app/repository/compound_mysql_scaffold.go:27.2,30.18 3 1
github.com/ltruelove/gohome/internal/app/repository/compound_mysql_scaffold.go:30.18,32.161 2 1
github.com/ltruelove/gohome/internal/app/repository/compound_mysql_scaffold.go:32.161,35.4 2 0
github.com/ltruelove/gohome/internal/app/repository/compound_mysql_scaffold.go:36.3,36.28 1 1
github.com/ltruelove/gohome/internal/app/repository/compound_mysql_scaffold.go:38.2,38.18 1 1
github.com/ltruelove/gohome/internal/app/repository/compound_mysql_scaffold.go:41.118,44.16 3 1
github.com/ltruelove/gohome/internal/app/repository/compound_mysql_scaffold.go:44.16,46.3 1 0
github.com/ltruelove/gohome/internal/app/repository/compound_mysql_scaffold.go:47.2,50.18 3 1
github.com/ltruelove/gohome/internal/app/repository/compound_mysql_scaffold.go:50.18,52.161 2 1
github.com/ltruelove/gohome/internal/app/repository/compound_mysql_scaffold.go:52.161,55.4 2 0
github.com/ltruelove/gohome/internal/app/repository/compound_mysql_scaffold.go:56.3,56.28 1 1
github.com/ltruelove/gohome/internal/app/repository/compound_mysql_scaffold.go:58.2,58.18 1 1
github.com/ltruelove/gohome/internal/app/repository/compound_repository.go:16.104,17.23 1 0
github.com/ltruelove/gohome/internal/app/repository/compound_repository.go:17.23,19.3 1 0
github.com/ltruelove/gohome/internal/app/repository/compound_repository.go:21.2,21.47 1 0
github.com/ltruelove/gohome/internal/app/repository/controlpoint_adapter.go:9.82,11.2 1 0
github.com/ltruelove/gohome/internal/app/repository/controlpoint_mysql_scaffold.go:15.72,17.2 1 1
github.com/ltruelove/gohome/internal/app/repository/controlpoint_mysql_scaffold.go:19.81,21.16 2 1
github.com/ltruelove/gohome/internal/app/repository/controlpoint_mysql_scaffold.go:21.16,23.3 1 0
github.com/ltruelove/gohome/internal/app/repository/controlpoint_mysql_scaffold.go:24.2,27.18 3 1
github.com/ltruelove/gohome/internal/app/repository/controlpoint_mysql_scaffold.go:27.18,29.77 2 1
github.com/ltruelove/gohome/internal/app/repository/controlpoint_mysql_scaffold.go:29.77,31.4 1 0
github.com/ltruelove/gohome/internal/app/repository/controlpoint_mysql_scaffold.go:32.3,32.24 1 1
github.com/ltruelove/gohome/internal/app/repository/controlpoint_mysql_scaffold.go:34.2,34.17 1 1
github.com/ltruelove/gohome/internal/app/repository/controlpoint_mysql_scaffold.go:37.90,40.16 3 0
github.com/ltruelove/gohome/internal/app/repository/controlpoint_mysql_scaffold.go:40.16,42.3 1 0
github.com/ltruelove/gohome/internal/app/repository/controlpoint_mysql_scaffold.go:43.2,46.18 3 0
github.com/ltruelove/gohome/internal/app/repository/controlpoint_mysql_scaffold.go:46.18,48.77 2 0
github.com/ltruelove/gohome/internal/app/repository/controlpoint_mysql_scaffold.go:48.77,50.4 1 0
github.com/ltruelove/gohome/internal/app/repository/controlpoint_mysql_scaffold.go:51.3,51.24 1 0
github.com/ltruelove/gohome/internal/app/repository/controlpoint_mysql_scaffold.go:53.2,53.17 1 0
github.com/ltruelove/gohome/internal/app/repository/controlpoint_mysql_scaffold.go:56.105,58.16 2 0
github.com/ltruelove/gohome/internal/app/repository/controlpoint_mysql_scaffold.go:58.16,60.3 1 0
github.com/ltruelove/gohome/internal/app/repository/controlpoint_mysql_scaffold.go:61.2,64.18 3 0
github.com/ltruelove/gohome/internal/app/repository/controlpoint_mysql_scaffold.go:64.18,66.82 2 0
github.com/ltruelove/gohome/internal/app/repository/controlpoint_mysql_scaffold.go:66.82,68.4 1 0
github.com/ltruelove/gohome/internal/app/repository/controlpoint_mysql_scaffold.go:69.3,69.27 1 0
github.com/ltruelove/gohome/internal/app/repository/controlpoint_mysql_scaffold.go:71.2,71.18 1 0
github.com/ltruelove/gohome/internal/app/repository/controlpoint_mysql_scaffold.go:74.86,77.16 3 1
github.com/ltruelove/gohome/internal/app/repository/controlpoint_mysql_scaffold.go:77.16,79.3 1 0
github.com/ltruelove/gohome/internal/app/repository/controlpoint_mysql_scaffold.go:80.2,80.16 1 1
github.com/ltruelove/gohome/internal/app/repository/controlpoint_mysql_scaffold.go:83.91,86.16 3 0
github.com/ltruelove/gohome/internal/app/repository/controlpoint_mysql_scaffold.go:86.16,88.3 1 0
github.com/ltruelove/gohome/internal/app/repository/controlpoint_mysql_scaffold.go:89.2,89.16 1 0
github.com/ltruelove/gohome/internal/app/repository/controlpoint_mysql_scaffold.go:92.77,94.16 2 1
github.com/ltruelove/gohome/internal/app/repository/controlpoint_mysql_scaffold.go:94.16,97.3 2 0
github.com/ltruelove/gohome/internal/app/repository/controlpoint_mysql_scaffold.go:98.2,100.12 3 1
github.com/ltruelove/gohome/internal/app/repository/controlpoint_mysql_scaffold.go:103.75,105.16 2 0
github.com/ltruelove/gohome/internal/app/repository/controlpoint_mysql_scaffold.go:105.16,106.27 1 0
github.com/ltruelove/gohome/internal/app/repository/controlpoint_mysql_scaffold.go:106.27,108.4 1 0
github.com/ltruelove/gohome/internal/app/repository/controlpoint_mysql_scaffold.go:109.3,109.20 1 0
github.com/ltruelove/gohome/internal/app/repository/controlpoint_mysql_scaffold.go:111.2,111.19 1 0
github.com/ltruelove/gohome/internal/app/repository/controlpoint_mysql_scaffold.go:114.79,117.2 2 0
github.com/ltruelove/gohome/internal/app/repository/controlpoint_mysql_scaffold.go:119.77,122.2 2 1
github.com/ltruelove/gohome/internal/app/repository/controlpoint_mysql_scaffold.go:124.60,127.2 2 1
github.com/ltruelove/gohome/internal/app/repository/controlpoint_mysql_scaffold.go:129.100,132.2 2 0
github.com/ltruelove/gohome/internal/app/repository/controlpoint_mysql_scaffold.go:134.104,137.16 3 0
github.com/ltruelove/gohome/internal/app/repository/controlpoint_mysql_scaffold.go:137.16,139.3 1 0
github.com/ltruelove/gohome/internal/app/repository/controlpoint_mysql_scaffold.go:140.2,140.16 1 0
github.com/ltruelove/gohome/internal/app/repository/crud_factory.go:11.103,12.23 1 0
github.com/ltruelove/gohome/internal/app/repository/crud_factory.go:12.23,14.3 1 0
github.com/ltruelove/gohome/internal/app/repository/crud_factory.go:15.2,15.46 1 0
github.com/ltruelove/gohome/internal/app/repository/crud_factory.go:19.103,20.23 1 0
github.com/ltruelove/gohome/internal/app/repository/crud_factory.go:20.23,22.3 1 0
github.com/ltruelove/gohome/internal/app/repository/crud_factory.go:23.2,23.46 1 0
github.com/ltruelove/gohome/internal/app/repository/crud_factory.go:27.97,28.23 1 0
github.com/ltruelove/gohome/internal/app/repository/crud_factory.go:28.23,30.3 1 0
github.com/ltruelove/gohome/internal/app/repository/crud_factory.go:32.2,32.40 1 0
github.com/ltruelove/gohome/internal/app/repository/crud_factory.go:36.107,37.23 1 0
github.com/ltruelove/gohome/internal/app/repository/crud_factory.go:37.23,39.3 1 0
github.com/ltruelove/gohome/internal/app/repository/crud_factory.go:41.2,41.50 1 0
github.com/ltruelove/gohome/internal/app/repository/crud_factory.go:45.107,46.23 1 0
github.com/ltruelove/gohome/internal/app/repository/crud_factory.go:46.23,48.3 1 0
github.com/ltruelove/gohome/internal/app/repository/crud_factory.go:50.2,50.50 1 0
github.com/ltruelove/gohome/internal/app/repository/crud_factory.go:54.103,55.23 1 0
github.com/ltruelove/gohome/internal/app/repository/crud_factory.go:55.23,57.3 1 0
github.com/ltruelove/gohome/internal/app/repository/crud_factory.go:58.2,58.46 1 0
github.com/ltruelove/gohome/internal/app/repository/crud_factory.go:62.103,63.23 1 0
github.com/ltruelove/gohome/internal/app/repository/crud_factory.go:63.23,65.3 1 0
github.com/ltruelove/gohome/internal/app/repository/crud_factory.go:66.2,66.46 1 0
github.com/ltruelove/gohome/internal/app/repository/node_factory.go:9.66,11.2 1 0
github.com/ltruelove/gohome/internal/app/repository/node_mysql_scaffold.go:15.56,17.2 1 1
github.com/ltruelove/gohome/internal/app/repository/node_mysql_scaffold.go:19.65,21.16 2 0
github.com/ltruelove/gohome/internal/app/repository/node_mysql_scaffold.go:21.16,24.3 2 0
github.com/ltruelove/gohome/internal/app/repository/node_mysql_scaffold.go:25.2,28.18 3 0
github.com/ltruelove/gohome/internal/app/repository/node_mysql_scaffold.go:28.18,30.73 2 0
github.com/ltruelove/gohome/internal/app/repository/node_mysql_scaffold.go:30.73,32.4 1 0
github.com/ltruelove/gohome/internal/app/repository/node_mysql_scaffold.go:33.3,33.27 1 0
github.com/ltruelove/gohome/internal/app/repository/node_mysql_scaffold.go:35.2,35.19 1 0
github.com/ltruelove/gohome/internal/app/repository/node_mysql_scaffold.go:38.70,41.16 3 1
github.com/ltruelove/gohome/internal/app/repository/node_mysql_scaffold.go:41.16,43.3 1 0
github.com/ltruelove/gohome/internal/app/repository/node_mysql_scaffold.go:44.2,44.15 1 1
github.com/ltruelove/gohome/internal/app/repository/node_mysql_scaffold.go:47.63,49.16 2 1
github.com/ltruelove/gohome/internal/app/repository/node_mysql_scaffold.go:49.16,52.3 2 0
github.com/ltruelove/gohome/internal/app/repository/node_mysql_scaffold.go:53.2,54.16 2 1
github.com/ltruelove/gohome/internal/app/repository/node_mysql_scaffold.go:54.16,56.3 1 1
github.com/ltruelove/gohome/internal/app/repository/node_mysql_scaffold.go:57.2,57.12 1 1
github.com/ltruelove/gohome/internal/app/repository/node_mysql_scaffold.go:60.67,62.16 2 0
github.com/ltruelove/gohome/internal/app/repository/node_mysql_scaffold.go:62.16,63.27 1 0
github.com/ltruelove/gohome/internal/app/repository/node_mysql_scaffold.go:63.27,65.4 1 0
github.com/ltruelove/gohome/internal/app/repository/node_mysql_scaffold.go:66.3,66.20 1 0
github.com/ltruelove/gohome/internal/app/repository/node_mysql_scaffold.go:68.2,68.19 1 0
github.com/ltruelove/gohome/internal/app/repository/node_mysql_scaffold.go:71.63,74.2 2 0
github.com/ltruelove/gohome/internal/app/repository/node_mysql_scaffold.go:76.52,79.2 2 0
github.com/ltruelove/gohome/internal/app/repository/node_mysql_scaffold.go:81.76,83.2 1 0
github.com/ltruelove/gohome/internal/app/repository/node_mysql_scaffold.go:85.96,88.16 3 0
github.com/ltruelove/gohome/internal/app/repository/node_mysql_scaffold.go:88.16,90.3 1 0
github.com/ltruelove/gohome/internal/app/repository/node_mysql_scaffold.go:91.2,91.16 1 0
github.com/ltruelove/gohome/internal/app/repository/node_mysql_scaffold.go:94.90,96.16 2 0
github.com/ltruelove/gohome/internal/app/repository/node_mysql_scaffold.go:96.16,98.3 1 0
github.com/ltruelove/gohome/internal/app/repository/node_mysql_scaffold.go:99.2,102.18 3 0
github.com/ltruelove/gohome/internal/app/repository/node_mysql_scaffold.go:102.18,104.136 2 0
github.com/ltruelove/gohome/internal/app/repository/node_mysql_scaffold.go:104.136,106.4 1 0
github.com/ltruelove/gohome/internal/app/repository/node_mysql_scaffold.go:107.3,107.26 1 0
github.com/ltruelove/gohome/internal/app/repository/node_mysql_scaffold.go:109.2,109.18 1 0
github.com/ltruelove/gohome/internal/app/repository/node_mysql_scaffold.go:112.82,115.16 3 0
github.com/ltruelove/gohome/internal/app/repository/node_mysql_scaffold.go:115.16,117.3 1 0
github.com/ltruelove/gohome/internal/app/repository/node_mysql_scaffold.go:118.2,118.16 1 0
github.com/ltruelove/gohome/internal/app/repository/node_mysql_scaffold.go:121.124,123.16 2 0
github.com/ltruelove/gohome/internal/app/repository/node_mysql_scaffold.go:123.16,125.3 1 0
github.com/ltruelove/gohome/internal/app/repository/node_mysql_scaffold.go:126.2,129.18 3 0
github.com/ltruelove/gohome/internal/app/repository/node_mysql_scaffold.go:129.18,131.68 2 0
github.com/ltruelove/gohome/internal/app/repository/node_mysql_scaffold.go:131.68,133.4 1 0
github.com/ltruelove/gohome/internal/app/repository/node_mysql_scaffold.go:136.3,137.17 2 0
github.com/ltruelove/gohome/internal/app/repository/node_mysql_scaffold.go:137.17,139.4 1 0
github.com/ltruelove/gohome/internal/app/repository/node_mysql_scaffold.go:140.3,141.17 2 0
github.com/ltruelove/gohome/internal/app/repository/node_mysql_scaffold.go:141.17,143.4 1 0
github.com/ltruelove/gohome/internal/app/repository/node_mysql_scaffold.go:144.3,145.17 2 0
github.com/ltruelove/gohome/internal/app/repository/node_mysql_scaffold.go:145.17,147.4 1 0
github.com/ltruelove/gohome/internal/app/repository/node_mysql_scaffold.go:148.3,149.17 2 0
github.com/ltruelove/gohome/internal/app/repository/node_mysql_scaffold.go:149.17,151.4 1 0
github.com/ltruelove/gohome/internal/app/repository/node_mysql_scaffold.go:153.3,158.25 5 0
github.com/ltruelove/gohome/internal/app/repository/node_mysql_scaffold.go:161.2,161.18 1 0
github.com/ltruelove/gohome/internal/app/repository/node_mysql_scaffold.go:164.94,166.16 2 0
github.com/ltruelove/gohome/internal/app/repository/node_mysql_scaffold.go:166.16,168.3 1 0
github.com/ltruelove/gohome/internal/app/repository/node_mysql_scaffold.go:169.2,172.18 3 0
github.com/ltruelove/gohome/internal/app/repository/node_mysql_scaffold.go:172.18,174.109 2 0
github.com/ltruelove/gohome/internal/app/repository/node_mysql_scaffold.go:174.109,176.4 1 0
github.com/ltruelove/gohome/internal/app/repository/node_mysql_scaffold.go:177.3,177.25 1 0
github.com/ltruelove/gohome/internal/app/repository/node_mysql_scaffold.go:179.2,179.18 1 0
github.com/ltruelove/gohome/internal/app/repository/node_mysql_scaffold.go:182.72,184.16 2 0
github.com/ltruelove/gohome/internal/app/repository/node_mysql_scaffold.go:184.16,186.3 1 0
github.com/ltruelove/gohome/internal/app/repository/node_mysql_scaffold.go:187.2,187.15 1 0
github.com/ltruelove/gohome/internal/app/repository/node_mysql_scaffold.go:187.15,188.17 1 0
github.com/ltruelove/gohome/internal/app/repository/node_mysql_scaffold.go:188.17,190.4 1 0
github.com/ltruelove/gohome/internal/app/repository/node_mysql_scaffold.go:190.9,192.4 1 0
github.com/ltruelove/gohome/internal/app/repository/node_mysql_scaffold.go:195.2,196.16 2 0
github.com/ltruelove/gohome/internal/app/repository/node_mysql_scaffold.go:196.16,198.3 1 0
github.com/ltruelove/gohome/internal/app/repository/node_mysql_scaffold.go:199.2,200.16 2 0
github.com/ltruelove/gohome/internal/app/repository/node_mysql_scaffold.go:200.16,202.3 1 0
github.com/ltruelove/gohome/internal/app/repository/node_mysql_scaffold.go:203.2,206.193 2 0
github.com/ltruelove/gohome/internal/app/repository/node_mysql_scaffold.go:206.193,208.3 1 0
github.com/ltruelove/gohome/internal/app/repository/node_mysql_scaffold.go:210.2,210.125 1 0
github.com/ltruelove/gohome/internal/app/repository/node_mysql_scaffold.go:210.125,212.3 1 0
github.com/ltruelove/gohome/internal/app/repository/node_mysql_scaffold.go:214.2,214.135 1 0
github.com/ltruelove/gohome/internal/app/repository/node_mysql_scaffold.go:214.135,216.3 1 0
github.com/ltruelove/gohome/internal/app/repository/node_mysql_scaffold.go:218.2,219.19 2 0
github.com/ltruelove/gohome/internal/app/repository/node_mysql_scaffold.go:219.19,221.3 1 0
github.com/ltruelove/gohome/internal/app/repository/node_mysql_scaffold.go:222.2,222.120 1 0
github.com/ltruelove/gohome/internal/app/repository/node_mysql_scaffold.go:222.120,224.3 1 0
github.com/ltruelove/gohome/internal/app/repository/node_mysql_scaffold.go:226.2,226.12 1 0
github.com/ltruelove/gohome/internal/app/repository/node_mysql_scaffold.go:229.102,231.16 2 0
github.com/ltruelove/gohome/internal/app/repository/node_mysql_scaffold.go:231.16,233.3 1 0
github.com/ltruelove/gohome/internal/app/repository/node_mysql_scaffold.go:234.2,237.18 3 0
github.com/ltruelove/gohome/internal/app/repository/node_mysql_scaffold.go:237.18,239.75 2 0
github.com/ltruelove/gohome/internal/app/repository/node_mysql_scaffold.go:239.75,241.4 1 0
github.com/ltruelove/gohome/internal/app/repository/node_mysql_scaffold.go:242.3,242.25 1 0
github.com/ltruelove/gohome/internal/app/repository/node_mysql_scaffold.go:244.2,244.18 1 0
github.com/ltruelove/gohome/internal/app/repository/node_mysql_scaffold.go:247.102,249.16 2 0
github.com/ltruelove/gohome/internal/app/repository/node_mysql_scaffold.go:249.16,251.3 1 0
github.com/ltruelove/gohome/internal/app/repository/node_mysql_scaffold.go:252.2,255.18 3 0
github.com/ltruelove/gohome/internal/app/repository/node_mysql_scaffold.go:255.18,257.86 2 0
github.com/ltruelove/gohome/internal/app/repository/node_mysql_scaffold.go:257.86,259.4 1 0
github.com/ltruelove/gohome/internal/app/repository/node_mysql_scaffold.go:260.3,260.27 1 0
github.com/ltruelove/gohome/internal/app/repository/node_mysql_scaffold.go:262.2,262.18 1 0
github.com/ltruelove/gohome/internal/app/repository/node_mysql_scaffold.go:265.102,267.16 2 0
github.com/ltruelove/gohome/internal/app/repository/node_mysql_scaffold.go:267.16,269.3 1 0
github.com/ltruelove/gohome/internal/app/repository/node_mysql_scaffold.go:270.2,273.18 3 0
github.com/ltruelove/gohome/internal/app/repository/node_mysql_scaffold.go:273.18,276.76 3 0
github.com/ltruelove/gohome/internal/app/repository/node_mysql_scaffold.go:276.76,278.4 1 0
github.com/ltruelove/gohome/internal/app/repository/node_mysql_scaffold.go:279.3,280.25 2 0
github.com/ltruelove/gohome/internal/app/repository/node_mysql_scaffold.go:282.2,282.18 1 0
github.com/ltruelove/gohome/internal/app/repository/node_mysql_scaffold.go:285.81,287.16 2 0
github.com/ltruelove/gohome/internal/app/repository/node_mysql_scaffold.go:287.16,289.3 1 0
github.com/ltruelove/gohome/internal/app/repository/node_mysql_scaffold.go:290.2,291.16 2 0
github.com/ltruelove/gohome/internal/app/repository/node_mysql_scaffold.go:291.16,293.3 1 0
github.com/ltruelove/gohome/internal/app/repository/node_mysql_scaffold.go:294.2,294.12 1 0
github.com/ltruelove/gohome/internal/app/repository/node_mysql_scaffold.go:297.77,299.19 2 0
github.com/ltruelove/gohome/internal/app/repository/node_mysql_scaffold.go:299.19,301.3 1 0
github.com/ltruelove/gohome/internal/app/repository/node_mysql_scaffold.go:302.2,303.16 2 0
github.com/ltruelove/gohome/internal/app/repository/node_mysql_scaffold.go:303.16,305.3 1 0
github.com/ltruelove/gohome/internal/app/repository/node_mysql_scaffold.go:306.2,307.16 2 0
github.com/ltruelove/gohome/internal/app/repository/node_mysql_scaffold.go:307.16,309.3 1 0
github.com/ltruelove/gohome/internal/app/repository/node_mysql_scaffold.go:310.2,310.12 1 0
github.com/ltruelove/gohome/internal/app/repository/node_sensor_mysql_scaffold.go:16.89,18.2 1 1
github.com/ltruelove/gohome/internal/app/repository/node_sensor_mysql_scaffold.go:20.73,22.16 2 1
github.com/ltruelove/gohome/internal/app/repository/node_sensor_mysql_scaffold.go:22.16,24.3 1 0
github.com/ltruelove/gohome/internal/app/repository/node_sensor_mysql_scaffold.go:25.2,28.18 3 1
github.com/ltruelove/gohome/internal/app/repository/node_sensor_mysql_scaffold.go:28.18,30.99 2 1
github.com/ltruelove/gohome/internal/app/repository/node_sensor_mysql_scaffold.go:30.99,32.4 1 0
github.com/ltruelove/gohome/internal/app/repository/node_sensor_mysql_scaffold.go:33.3,33.25 1 1
github.com/ltruelove/gohome/internal/app/repository/node_sensor_mysql_scaffold.go:35.2,35.18 1 1
github.com/ltruelove/gohome/internal/app/repository/node_sensor_mysql_scaffold.go:38.86,40.16 2 0
github.com/ltruelove/gohome/internal/app/repository/node_sensor_mysql_scaffold.go:40.16,42.3 1 0
github.com/ltruelove/gohome/internal/app/repository/node_sensor_mysql_scaffold.go:43.2,45.18 3 0
github.com/ltruelove/gohome/internal/app/repository/node_sensor_mysql_scaffold.go:45.18,47.99 2 0
github.com/ltruelove/gohome/internal/app/repository/node_sensor_mysql_scaffold.go:47.99,49.4 1 0
github.com/ltruelove/gohome/internal/app/repository/node_sensor_mysql_scaffold.go:50.3,50.25 1 0
github.com/ltruelove/gohome/internal/app/repository/node_sensor_mysql_scaffold.go:52.2,52.18 1 0
github.com/ltruelove/gohome/internal/app/repository/node_sensor_mysql_scaffold.go:55.78,59.2 3 1
github.com/ltruelove/gohome/internal/app/repository/node_sensor_mysql_scaffold.go:61.85,63.9 2 1
github.com/ltruelove/gohome/internal/app/repository/node_sensor_mysql_scaffold.go:63.9,65.3 1 0
github.com/ltruelove/gohome/internal/app/repository/node_sensor_mysql_scaffold.go:66.2,68.16 3 1
github.com/ltruelove/gohome/internal/app/repository/node_sensor_mysql_scaffold.go:68.16,70.3 1 0
github.com/ltruelove/gohome/internal/app/repository/node_sensor_mysql_scaffold.go:71.2,72.18 2 1
github.com/ltruelove/gohome/internal/app/repository/node_sensor_mysql_scaffold.go:75.69,77.9 2 1
github.com/ltruelove/gohome/internal/app/repository/node_sensor_mysql_scaffold.go:77.9,79.3 1 0
github.com/ltruelove/gohome/internal/app/repository/node_sensor_mysql_scaffold.go:80.2,81.12 2 1
github.com/ltruelove/gohome/internal/app/repository/node_sensor_mysql_scaffold.go:84.58,87.2 2 1
github.com/ltruelove/gohome/internal/app/repository/node_sensor_mysql_scaffold.go:89.55,92.2 2 0
github.com/ltruelove/gohome/internal/app/repository/node_sensor_mysql_scaffold.go:94.68,97.2 2 0
github.com/ltruelove/gohome/internal/app/repository/node_sensor_mysql_scaffold.go:99.74,102.2 2 0
github.com/ltruelove/gohome/internal/app/repository/node_switch_mysql_scaffold.go:16.89,18.2 1 1
github.com/ltruelove/gohome/internal/app/repository/node_switch_mysql_scaffold.go:20.73,22.16 2 1
github.com/ltruelove/gohome/internal/app/repository/node_switch_mysql_scaffold.go:22.16,24.3 1 0
github.com/ltruelove/gohome/internal/app/repository/node_switch_mysql_scaffold.go:25.2,28.18 3 1
github.com/ltruelove/gohome/internal/app/repository/node_switch_mysql_scaffold.go:28.18,30.129 2 1
github.com/ltruelove/gohome/internal/app/repository/node_switch_mysql_scaffold.go:30.129,32.4 1 0
github.com/ltruelove/gohome/internal/app/repository/node_switch_mysql_scaffold.go:33.3,33.25 1 1
github.com/ltruelove/gohome/internal/app/repository/node_switch_mysql_scaffold.go:35.2,35.18 1 1
github.com/ltruelove/gohome/internal/app/repository/node_switch_mysql_scaffold.go:38.86,40.16 2 0
github.com/ltruelove/gohome/internal/app/repository/node_switch_mysql_scaffold.go:40.16,42.3 1 0
github.com/ltruelove/gohome/internal/app/repository/node_switch_mysql_scaffold.go:43.2,45.18 3 0
github.com/ltruelove/gohome/internal/app/repository/node_switch_mysql_scaffold.go:45.18,47.129 2 0
github.com/ltruelove/gohome/internal/app/repository/node_switch_mysql_scaffold.go:47.129,49.4 1 0
github.com/ltruelove/gohome/internal/app/repository/node_switch_mysql_scaffold.go:50.3,50.25 1 0
github.com/ltruelove/gohome/internal/app/repository/node_switch_mysql_scaffold.go:52.2,52.18 1 0
github.com/ltruelove/gohome/internal/app/repository/node_switch_mysql_scaffold.go:55.78,59.2 3 1
github.com/ltruelove/gohome/internal/app/repository/node_switch_mysql_scaffold.go:61.85,63.9 2 1
github.com/ltruelove/gohome/internal/app/repository/node_switch_mysql_scaffold.go:63.9,65.3 1 0
github.com/ltruelove/gohome/internal/app/repository/node_switch_mysql_scaffold.go:66.2,68.16 3 1
github.com/ltruelove/gohome/internal/app/repository/node_switch_mysql_scaffold.go:68.16,70.3 1 0
github.com/ltruelove/gohome/internal/app/repository/node_switch_mysql_scaffold.go:71.2,72.18 2 1
github.com/ltruelove/gohome/internal/app/repository/node_switch_mysql_scaffold.go:75.69,77.9 2 1
github.com/ltruelove/gohome/internal/app/repository/node_switch_mysql_scaffold.go:77.9,79.3 1 0
github.com/ltruelove/gohome/internal/app/repository/node_switch_mysql_scaffold.go:80.2,81.12 2 1
github.com/ltruelove/gohome/internal/app/repository/node_switch_mysql_scaffold.go:84.58,87.2 2 1
github.com/ltruelove/gohome/internal/app/repository/node_switch_mysql_scaffold.go:89.55,92.2 2 0
github.com/ltruelove/gohome/internal/app/repository/node_switch_mysql_scaffold.go:94.68,97.2 2 0
github.com/ltruelove/gohome/internal/app/repository/node_switch_mysql_scaffold.go:99.74,102.2 2 0
github.com/ltruelove/gohome/internal/app/repository/sensor_type_mysql_scaffold.go:16.89,18.2 1 1
github.com/ltruelove/gohome/internal/app/repository/sensor_type_mysql_scaffold.go:20.73,22.16 2 1
github.com/ltruelove/gohome/internal/app/repository/sensor_type_mysql_scaffold.go:22.16,24.3 1 0
github.com/ltruelove/gohome/internal/app/repository/sensor_type_mysql_scaffold.go:25.2,27.18 3 1
github.com/ltruelove/gohome/internal/app/repository/sensor_type_mysql_scaffold.go:27.18,29.55 2 1
github.com/ltruelove/gohome/internal/app/repository/sensor_type_mysql_scaffold.go:29.55,31.4 1 0
github.com/ltruelove/gohome/internal/app/repository/sensor_type_mysql_scaffold.go:32.3,32.25 1 1
github.com/ltruelove/gohome/internal/app/repository/sensor_type_mysql_scaffold.go:34.2,34.18 1 1
github.com/ltruelove/gohome/internal/app/repository/sensor_type_mysql_scaffold.go:37.86,37.105 1 0
github.com/ltruelove/gohome/internal/app/repository/sensor_type_mysql_scaffold.go:39.78,43.2 3 1
github.com/ltruelove/gohome/internal/app/repository/sensor_type_mysql_scaffold.go:45.85,47.9 2 1
github.com/ltruelove/gohome/internal/app/repository/sensor_type_mysql_scaffold.go:47.9,49.3 1 0
github.com/ltruelove/gohome/internal/app/repository/sensor_type_mysql_scaffold.go:50.2,52.16 3 1
github.com/ltruelove/gohome/internal/app/repository/sensor_type_mysql_scaffold.go:52.16,54.3 1 0
github.com/ltruelove/gohome/internal/app/repository/sensor_type_mysql_scaffold.go:55.2,56.15 2 1
github.com/ltruelove/gohome/internal/app/repository/sensor_type_mysql_scaffold.go:59.69,61.9 2 1
github.com/ltruelove/gohome/internal/app/repository/sensor_type_mysql_scaffold.go:61.9,63.3 1 0
github.com/ltruelove/gohome/internal/app/repository/sensor_type_mysql_scaffold.go:64.2,65.12 2 1
github.com/ltruelove/gohome/internal/app/repository/sensor_type_mysql_scaffold.go:68.58,71.2 2 1
github.com/ltruelove/gohome/internal/app/repository/sensor_type_mysql_scaffold.go:73.55,76.2 2 0
github.com/ltruelove/gohome/internal/app/repository/sensor_type_mysql_scaffold.go:78.74,78.88 1 0
github.com/ltruelove/gohome/internal/app/repository/sensor_type_mysql_scaffold.go:79.74,79.88 1 0
github.com/ltruelove/gohome/internal/app/repository/switch_type_mysql_scaffold.go:16.89,18.2 1 1
github.com/ltruelove/gohome/internal/app/repository/switch_type_mysql_scaffold.go:20.73,22.16 2 1
github.com/ltruelove/gohome/internal/app/repository/switch_type_mysql_scaffold.go:22.16,24.3 1 0
github.com/ltruelove/gohome/internal/app/repository/switch_type_mysql_scaffold.go:25.2,27.18 3 1
github.com/ltruelove/gohome/internal/app/repository/switch_type_mysql_scaffold.go:27.18,29.51 2 1
github.com/ltruelove/gohome/internal/app/repository/switch_type_mysql_scaffold.go:29.51,31.4 1 0
github.com/ltruelove/gohome/internal/app/repository/switch_type_mysql_scaffold.go:32.3,32.25 1 1
github.com/ltruelove/gohome/internal/app/repository/switch_type_mysql_scaffold.go:34.2,34.18 1 1
github.com/ltruelove/gohome/internal/app/repository/switch_type_mysql_scaffold.go:37.86,37.105 1 0
github.com/ltruelove/gohome/internal/app/repository/switch_type_mysql_scaffold.go:39.78,43.2 3 1
github.com/ltruelove/gohome/internal/app/repository/switch_type_mysql_scaffold.go:45.85,47.9 2 1
github.com/ltruelove/gohome/internal/app/repository/switch_type_mysql_scaffold.go:47.9,49.3 1 0
github.com/ltruelove/gohome/internal/app/repository/switch_type_mysql_scaffold.go:50.2,52.16 3 1
github.com/ltruelove/gohome/internal/app/repository/switch_type_mysql_scaffold.go:52.16,54.3 1 0
github.com/ltruelove/gohome/internal/app/repository/switch_type_mysql_scaffold.go:55.2,56.15 2 1
github.com/ltruelove/gohome/internal/app/repository/switch_type_mysql_scaffold.go:59.69,61.9 2 1
github.com/ltruelove/gohome/internal/app/repository/switch_type_mysql_scaffold.go:61.9,63.3 1 0
github.com/ltruelove/gohome/internal/app/repository/switch_type_mysql_scaffold.go:64.2,65.12 2 1
github.com/ltruelove/gohome/internal/app/repository/switch_type_mysql_scaffold.go:68.58,71.2 2 1
github.com/ltruelove/gohome/internal/app/repository/switch_type_mysql_scaffold.go:73.55,76.2 2 0
github.com/ltruelove/gohome/internal/app/repository/switch_type_mysql_scaffold.go:78.74,78.88 1 0
github.com/ltruelove/gohome/internal/app/repository/switch_type_mysql_scaffold.go:79.74,79.88 1 0
github.com/ltruelove/gohome/internal/app/repository/view_mysql_scaffold.go:16.83,18.2 1 1
github.com/ltruelove/gohome/internal/app/repository/view_mysql_scaffold.go:20.67,22.16 2 1
github.com/ltruelove/gohome/internal/app/repository/view_mysql_scaffold.go:22.16,24.3 1 0
github.com/ltruelove/gohome/internal/app/repository/view_mysql_scaffold.go:25.2,28.18 3 1
github.com/ltruelove/gohome/internal/app/repository/view_mysql_scaffold.go:28.18,30.51 2 1
github.com/ltruelove/gohome/internal/app/repository/view_mysql_scaffold.go:30.51,32.4 1 0
github.com/ltruelove/gohome/internal/app/repository/view_mysql_scaffold.go:33.3,33.25 1 1
github.com/ltruelove/gohome/internal/app/repository/view_mysql_scaffold.go:35.2,35.18 1 1
github.com/ltruelove/gohome/internal/app/repository/view_mysql_scaffold.go:38.80,40.2 1 0
github.com/ltruelove/gohome/internal/app/repository/view_mysql_scaffold.go:42.72,46.2 3 1
github.com/ltruelove/gohome/internal/app/repository/view_mysql_scaffold.go:48.79,50.9 2 1
github.com/ltruelove/gohome/internal/app/repository/view_mysql_scaffold.go:50.9,52.3 1 0
github.com/ltruelove/gohome/internal/app/repository/view_mysql_scaffold.go:53.2,55.16 3 1
github.com/ltruelove/gohome/internal/app/repository/view_mysql_scaffold.go:55.16,57.3 1 0
github.com/ltruelove/gohome/internal/app/repository/view_mysql_scaffold.go:58.2,59.15 2 1
github.com/ltruelove/gohome/internal/app/repository/view_mysql_scaffold.go:62.63,64.9 2 1
github.com/ltruelove/gohome/internal/app/repository/view_mysql_scaffold.go:64.9,66.3 1 0
github.com/ltruelove/gohome/internal/app/repository/view_mysql_scaffold.go:67.2,68.12 2 1
github.com/ltruelove/gohome/internal/app/repository/view_mysql_scaffold.go:71.52,74.2 2 1
github.com/ltruelove/gohome/internal/app/repository/view_mysql_scaffold.go:76.49,79.2 2 0
github.com/ltruelove/gohome/internal/app/repository/view_mysql_scaffold.go:81.68,81.82 1 0
github.com/ltruelove/gohome/internal/app/repository/view_mysql_scaffold.go:82.68,82.82 1 0
github.com/ltruelove/gohome/internal/app/repository/viewnodesensor_mysql_scaffold.go:16.93,18.2 1 1
github.com/ltruelove/gohome/internal/app/repository/viewnodesensor_mysql_scaffold.go:20.77,22.16 2 1
github.com/ltruelove/gohome/internal/app/repository/viewnodesensor_mysql_scaffold.go:22.16,24.3 1 0
github.com/ltruelove/gohome/internal/app/repository/viewnodesensor_mysql_scaffold.go:25.2,28.18 3 1
github.com/ltruelove/gohome/internal/app/repository/viewnodesensor_mysql_scaffold.go:28.18,30.105 2 1
github.com/ltruelove/gohome/internal/app/repository/viewnodesensor_mysql_scaffold.go:30.105,32.4 1 0
github.com/ltruelove/gohome/internal/app/repository/viewnodesensor_mysql_scaffold.go:33.3,33.28 1 1
github.com/ltruelove/gohome/internal/app/repository/viewnodesensor_mysql_scaffold.go:35.2,35.18 1 1
github.com/ltruelove/gohome/internal/app/repository/viewnodesensor_mysql_scaffold.go:38.90,40.16 2 0
github.com/ltruelove/gohome/internal/app/repository/viewnodesensor_mysql_scaffold.go:40.16,42.3 1 0
github.com/ltruelove/gohome/internal/app/repository/viewnodesensor_mysql_scaffold.go:43.2,45.18 3 0
github.com/ltruelove/gohome/internal/app/repository/viewnodesensor_mysql_scaffold.go:45.18,47.105 2 0
github.com/ltruelove/gohome/internal/app/repository/viewnodesensor_mysql_scaffold.go:47.105,49.4 1 0
github.com/ltruelove/gohome/internal/app/repository/viewnodesensor_mysql_scaffold.go:50.3,50.28 1 0
github.com/ltruelove/gohome/internal/app/repository/viewnodesensor_mysql_scaffold.go:52.2,52.18 1 0
github.com/ltruelove/gohome/internal/app/repository/viewnodesensor_mysql_scaffold.go:55.82,59.2 3 1
github.com/ltruelove/gohome/internal/app/repository/viewnodesensor_mysql_scaffold.go:61.89,63.9 2 1
github.com/ltruelove/gohome/internal/app/repository/viewnodesensor_mysql_scaffold.go:63.9,65.3 1 0
github.com/ltruelove/gohome/internal/app/repository/viewnodesensor_mysql_scaffold.go:66.2,68.16 3 1
github.com/ltruelove/gohome/internal/app/repository/viewnodesensor_mysql_scaffold.go:68.16,70.3 1 0
github.com/ltruelove/gohome/internal/app/repository/viewnodesensor_mysql_scaffold.go:71.2,72.18 2 1
github.com/ltruelove/gohome/internal/app/repository/viewnodesensor_mysql_scaffold.go:75.73,77.9 2 1
github.com/ltruelove/gohome/internal/app/repository/viewnodesensor_mysql_scaffold.go:77.9,79.3 1 0
github.com/ltruelove/gohome/internal/app/repository/viewnodesensor_mysql_scaffold.go:80.2,81.12 2 1
github.com/ltruelove/gohome/internal/app/repository/viewnodesensor_mysql_scaffold.go:84.62,87.2 2 1
github.com/ltruelove/gohome/internal/app/repository/viewnodesensor_mysql_scaffold.go:89.59,92.2 2 0
github.com/ltruelove/gohome/internal/app/repository/viewnodesensor_mysql_scaffold.go:94.72,97.2 2 0
github.com/ltruelove/gohome/internal/app/repository/viewnodesensor_mysql_scaffold.go:99.78,102.2 2 0
github.com/ltruelove/gohome/internal/app/repository/viewnodeswitch_mysql_scaffold.go:16.93,18.2 1 1
github.com/ltruelove/gohome/internal/app/repository/viewnodeswitch_mysql_scaffold.go:20.77,22.16 2 1
github.com/ltruelove/gohome/internal/app/repository/viewnodeswitch_mysql_scaffold.go:22.16,24.3 1 0
github.com/ltruelove/gohome/internal/app/repository/viewnodeswitch_mysql_scaffold.go:25.2,27.18 3 1
github.com/ltruelove/gohome/internal/app/repository/viewnodeswitch_mysql_scaffold.go:27.18,29.105 2 1
github.com/ltruelove/gohome/internal/app/repository/viewnodeswitch_mysql_scaffold.go:29.105,31.4 1 0
github.com/ltruelove/gohome/internal/app/repository/viewnodeswitch_mysql_scaffold.go:32.3,32.28 1 1
github.com/ltruelove/gohome/internal/app/repository/viewnodeswitch_mysql_scaffold.go:34.2,34.18 1 1
github.com/ltruelove/gohome/internal/app/repository/viewnodeswitch_mysql_scaffold.go:37.90,39.16 2 0
github.com/ltruelove/gohome/internal/app/repository/viewnodeswitch_mysql_scaffold.go:39.16,41.3 1 0
github.com/ltruelove/gohome/internal/app/repository/viewnodeswitch_mysql_scaffold.go:42.2,44.18 3 0
github.com/ltruelove/gohome/internal/app/repository/viewnodeswitch_mysql_scaffold.go:44.18,46.105 2 0
github.com/ltruelove/gohome/internal/app/repository/viewnodeswitch_mysql_scaffold.go:46.105,48.4 1 0
github.com/ltruelove/gohome/internal/app/repository/viewnodeswitch_mysql_scaffold.go:49.3,49.28 1 0
github.com/ltruelove/gohome/internal/app/repository/viewnodeswitch_mysql_scaffold.go:51.2,51.18 1 0
github.com/ltruelove/gohome/internal/app/repository/viewnodeswitch_mysql_scaffold.go:54.82,58.2 3 1
github.com/ltruelove/gohome/internal/app/repository/viewnodeswitch_mysql_scaffold.go:60.89,62.9 2 1
github.com/ltruelove/gohome/internal/app/repository/viewnodeswitch_mysql_scaffold.go:62.9,64.3 1 0
github.com/ltruelove/gohome/internal/app/repository/viewnodeswitch_mysql_scaffold.go:65.2,67.16 3 1
github.com/ltruelove/gohome/internal/app/repository/viewnodeswitch_mysql_scaffold.go:67.16,69.3 1 0
github.com/ltruelove/gohome/internal/app/repository/viewnodeswitch_mysql_scaffold.go:70.2,71.18 2 1
github.com/ltruelove/gohome/internal/app/repository/viewnodeswitch_mysql_scaffold.go:74.73,76.9 2 1
github.com/ltruelove/gohome/internal/app/repository/viewnodeswitch_mysql_scaffold.go:76.9,78.3 1 0
github.com/ltruelove/gohome/internal/app/repository/viewnodeswitch_mysql_scaffold.go:79.2,80.12 2 1
github.com/ltruelove/gohome/internal/app/repository/viewnodeswitch_mysql_scaffold.go:83.62,86.2 2 1
github.com/ltruelove/gohome/internal/app/repository/viewnodeswitch_mysql_scaffold.go:88.59,91.2 2 0
github.com/ltruelove/gohome/internal/app/repository/viewnodeswitch_mysql_scaffold.go:93.72,96.2 2 0
github.com/ltruelove/gohome/internal/app/repository/viewnodeswitch_mysql_scaffold.go:98.78,101.2 2 0
github.com/ltruelove/gohome/internal/app/controllers/ControlPoint.go:30.104,32.2 1 1
github.com/ltruelove/gohome/internal/app/controllers/ControlPoint.go:34.75,44.2 9 0
github.com/ltruelove/gohome/internal/app/controllers/ControlPoint.go:46.101,64.16 3 1
github.com/ltruelove/gohome/internal/app/controllers/ControlPoint.go:64.16,68.3 3 0
github.com/ltruelove/gohome/internal/app/controllers/ControlPoint.go:70.2,72.16 2 1
github.com/ltruelove/gohome/internal/app/controllers/ControlPoint.go:72.16,76.3 3 0
github.com/ltruelove/gohome/internal/app/controllers/ControlPoint.go:78.2,79.31 2 1
github.com/ltruelove/gohome/internal/app/controllers/ControlPoint.go:82.110,99.16 3 0
github.com/ltruelove/gohome/internal/app/controllers/ControlPoint.go:99.16,103.3 3 0
github.com/ltruelove/gohome/internal/app/controllers/ControlPoint.go:105.2,107.16 2 0
github.com/ltruelove/gohome/internal/app/controllers/ControlPoint.go:107.16,111.3 3 0
github.com/ltruelove/gohome/internal/app/controllers/ControlPoint.go:113.2,114.31 2 0
github.com/ltruelove/gohome/internal/app/controllers/ControlPoint.go:117.106,121.16 3 0
github.com/ltruelove/gohome/internal/app/controllers/ControlPoint.go:121.16,125.3 3 0
github.com/ltruelove/gohome/internal/app/controllers/ControlPoint.go:127.2,131.16 3 0
github.com/ltruelove/gohome/internal/app/controllers/ControlPoint.go:131.16,135.3 3 0
github.com/ltruelove/gohome/internal/app/controllers/ControlPoint.go:137.2,139.16 2 0
github.com/ltruelove/gohome/internal/app/controllers/ControlPoint.go:139.16,143.3 3 0
github.com/ltruelove/gohome/internal/app/controllers/ControlPoint.go:145.2,146.31 2 0
github.com/ltruelove/gohome/internal/app/controllers/ControlPoint.go:149.102,153.16 3 1
github.com/ltruelove/gohome/internal/app/controllers/ControlPoint.go:153.16,157.3 3 0
github.com/ltruelove/gohome/internal/app/controllers/ControlPoint.go:159.2,163.16 3 1
github.com/ltruelove/gohome/internal/app/controllers/ControlPoint.go:163.16,167.3 3 0
github.com/ltruelove/gohome/internal/app/controllers/ControlPoint.go:169.2,171.16 2 1
github.com/ltruelove/gohome/internal/app/controllers/ControlPoint.go:171.16,175.3 3 0
github.com/ltruelove/gohome/internal/app/controllers/ControlPoint.go:177.2,177.31 1 1
github.com/ltruelove/gohome/internal/app/controllers/ControlPoint.go:180.101,187.16 5 1
github.com/ltruelove/gohome/internal/app/controllers/ControlPoint.go:187.16,191.3 3 0
github.com/ltruelove/gohome/internal/app/controllers/ControlPoint.go:193.2,195.28 2 1
github.com/ltruelove/gohome/internal/app/controllers/ControlPoint.go:195.28,200.3 4 0
github.com/ltruelove/gohome/internal/app/controllers/ControlPoint.go:202.2,204.50 2 1
github.com/ltruelove/gohome/internal/app/controllers/ControlPoint.go:204.50,208.3 3 0
github.com/ltruelove/gohome/internal/app/controllers/ControlPoint.go:210.2,212.16 2 1
github.com/ltruelove/gohome/internal/app/controllers/ControlPoint.go:212.16,216.3 3 0
github.com/ltruelove/gohome/internal/app/controllers/ControlPoint.go:218.2,220.16 2 1
github.com/ltruelove/gohome/internal/app/controllers/ControlPoint.go:220.16,224.3 3 0
github.com/ltruelove/gohome/internal/app/controllers/ControlPoint.go:226.2,226.31 1 1
github.com/ltruelove/gohome/internal/app/controllers/ControlPoint.go:229.115,236.16 5 0
github.com/ltruelove/gohome/internal/app/controllers/ControlPoint.go:236.16,240.3 3 0
github.com/ltruelove/gohome/internal/app/controllers/ControlPoint.go:242.2,244.16 2 0
github.com/ltruelove/gohome/internal/app/controllers/ControlPoint.go:244.16,249.3 4 0
github.com/ltruelove/gohome/internal/app/controllers/ControlPoint.go:251.2,253.16 2 0
github.com/ltruelove/gohome/internal/app/controllers/ControlPoint.go:253.16,257.3 3 0
github.com/ltruelove/gohome/internal/app/controllers/ControlPoint.go:259.2,259.11 1 0
github.com/ltruelove/gohome/internal/app/controllers/ControlPoint.go:259.11,263.3 3 0
github.com/ltruelove/gohome/internal/app/controllers/ControlPoint.go:265.2,267.16 2 0
github.com/ltruelove/gohome/internal/app/controllers/ControlPoint.go:267.16,271.3 3 0
github.com/ltruelove/gohome/internal/app/controllers/ControlPoint.go:274.101,281.16 5 0
github.com/ltruelove/gohome/internal/app/controllers/ControlPoint.go:281.16,285.3 3 0
github.com/ltruelove/gohome/internal/app/controllers/ControlPoint.go:287.2,289.28 2 0
github.com/ltruelove/gohome/internal/app/controllers/ControlPoint.go:289.28,294.3 4 0
github.com/ltruelove/gohome/internal/app/controllers/ControlPoint.go:296.2,298.16 2 0
github.com/ltruelove/gohome/internal/app/controllers/ControlPoint.go:298.16,302.3 3 0
github.com/ltruelove/gohome/internal/app/controllers/ControlPoint.go:304.2,304.11 1 0
github.com/ltruelove/gohome/internal/app/controllers/ControlPoint.go:304.11,308.3 3 0
github.com/ltruelove/gohome/internal/app/controllers/ControlPoint.go:310.2,312.16 2 0
github.com/ltruelove/gohome/internal/app/controllers/ControlPoint.go:312.16,316.3 3 0
github.com/ltruelove/gohome/internal/app/controllers/ControlPoint.go:319.101,325.16 4 0
github.com/ltruelove/gohome/internal/app/controllers/ControlPoint.go:325.16,329.3 3 0
github.com/ltruelove/gohome/internal/app/controllers/ControlPoint.go:331.2,333.16 2 0
github.com/ltruelove/gohome/internal/app/controllers/ControlPoint.go:333.16,337.3 3 0
github.com/ltruelove/gohome/internal/app/controllers/ControlPoint.go:339.2,339.11 1 0
github.com/ltruelove/gohome/internal/app/controllers/ControlPoint.go:339.11,343.3 3 0
github.com/ltruelove/gohome/internal/app/controllers/ControlPoint.go:345.2,347.16 2 0
github.com/ltruelove/gohome/internal/app/controllers/ControlPoint.go:347.16,350.3 2 0
github.com/ltruelove/gohome/internal/app/controllers/HomeController.go:12.63,15.2 2 0
github.com/ltruelove/gohome/internal/app/controllers/HomeController.go:17.66,23.2 3 0
github.com/ltruelove/gohome/internal/app/controllers/Node.go:25.122,27.2 1 1
github.com/ltruelove/gohome/internal/app/controllers/Node.go:29.59,46.2 16 0
github.com/ltruelove/gohome/internal/app/controllers/Node.go:48.93,53.16 3 1
github.com/ltruelove/gohome/internal/app/controllers/Node.go:53.16,57.3 3 0
github.com/ltruelove/gohome/internal/app/controllers/Node.go:59.2,61.16 2 1
github.com/ltruelove/gohome/internal/app/controllers/Node.go:61.16,65.3 3 0
github.com/ltruelove/gohome/internal/app/controllers/Node.go:67.2,68.31 2 1
github.com/ltruelove/gohome/internal/app/controllers/Node.go:71.94,75.16 3 1
github.com/ltruelove/gohome/internal/app/controllers/Node.go:75.16,79.3 3 0
github.com/ltruelove/gohome/internal/app/controllers/Node.go:81.2,85.16 3 1
github.com/ltruelove/gohome/internal/app/controllers/Node.go:85.16,89.3 3 1
github.com/ltruelove/gohome/internal/app/controllers/Node.go:91.2,93.16 2 1
github.com/ltruelove/gohome/internal/app/controllers/Node.go:93.16,97.3 3 0
github.com/ltruelove/gohome/internal/app/controllers/Node.go:99.2,101.31 2 1
github.com/ltruelove/gohome/internal/app/controllers/Node.go:104.93,111.16 5 1
github.com/ltruelove/gohome/internal/app/controllers/Node.go:111.16,115.3 3 0
github.com/ltruelove/gohome/internal/app/controllers/Node.go:117.2,119.28 2 1
github.com/ltruelove/gohome/internal/app/controllers/Node.go:119.28,124.3 4 0
github.com/ltruelove/gohome/internal/app/controllers/Node.go:126.2,128.16 2 1
github.com/ltruelove/gohome/internal/app/controllers/Node.go:128.16,132.3 3 0
github.com/ltruelove/gohome/internal/app/controllers/Node.go:134.2,136.16 2 1
github.com/ltruelove/gohome/internal/app/controllers/Node.go:136.16,140.3 3 0
github.com/ltruelove/gohome/internal/app/controllers/Node.go:142.2,142.31 1 1
github.com/ltruelove/gohome/internal/app/controllers/Node.go:145.93,152.16 5 0
github.com/ltruelove/gohome/internal/app/controllers/Node.go:152.16,156.3 3 0
github.com/ltruelove/gohome/internal/app/controllers/Node.go:158.2,160.28 2 0
github.com/ltruelove/gohome/internal/app/controllers/Node.go:160.28,165.3 4 0
github.com/ltruelove/gohome/internal/app/controllers/Node.go:167.2,169.16 2 0
github.com/ltruelove/gohome/internal/app/controllers/Node.go:169.16,173.3 3 0
github.com/ltruelove/gohome/internal/app/controllers/Node.go:175.2,175.11 1 0
github.com/ltruelove/gohome/internal/app/controllers/Node.go:175.11,179.3 3 0
github.com/ltruelove/gohome/internal/app/controllers/Node.go:181.2,183.16 2 0
github.com/ltruelove/gohome/internal/app/controllers/Node.go:183.16,187.3 3 0
github.com/ltruelove/gohome/internal/app/controllers/Node.go:190.93,191.33 1 1
github.com/ltruelove/gohome/internal/app/controllers/Node.go:191.33,196.3 4 0
github.com/ltruelove/gohome/internal/app/controllers/Node.go:198.2,203.16 4 1
github.com/ltruelove/gohome/internal/app/controllers/Node.go:203.16,207.3 3 0
github.com/ltruelove/gohome/internal/app/controllers/Node.go:210.2,212.16 2 1
github.com/ltruelove/gohome/internal/app/controllers/Node.go:212.16,216.3 3 0
github.com/ltruelove/gohome/internal/app/controllers/Node.go:218.2,220.16 2 1
github.com/ltruelove/gohome/internal/app/controllers/Node.go:220.16,222.3 1 0
github.com/ltruelove/gohome/internal/app/controllers/Node.go:224.2,226.16 2 1
github.com/ltruelove/gohome/internal/app/controllers/Node.go:226.16,229.3 2 0
github.com/ltruelove/gohome/internal/app/controllers/Node.go:231.2,237.16 4 1
github.com/ltruelove/gohome/internal/app/controllers/Node.go:237.16,241.3 3 0
github.com/ltruelove/gohome/internal/app/controllers/Node.go:244.95,251.16 5 1
github.com/ltruelove/gohome/internal/app/controllers/Node.go:251.16,255.3 3 0
github.com/ltruelove/gohome/internal/app/controllers/Node.go:257.2,259.16 2 1
github.com/ltruelove/gohome/internal/app/controllers/Node.go:259.16,263.3 3 0
github.com/ltruelove/gohome/internal/app/controllers/Node.go:265.2,269.16 3 1
github.com/ltruelove/gohome/internal/app/controllers/Node.go:269.16,273.3 3 0
github.com/ltruelove/gohome/internal/app/controllers/Node.go:275.2,281.16 5 1
github.com/ltruelove/gohome/internal/app/controllers/Node.go:281.16,285.3 3 0
github.com/ltruelove/gohome/internal/app/controllers/Node.go:287.2,289.16 2 1
github.com/ltruelove/gohome/internal/app/controllers/Node.go:289.16,293.3 3 0
github.com/ltruelove/gohome/internal/app/controllers/Node.go:295.2,296.31 2 1
github.com/ltruelove/gohome/internal/app/controllers/Node.go:299.105,303.16 3 1
github.com/ltruelove/gohome/internal/app/controllers/Node.go:303.16,307.3 3 0
github.com/ltruelove/gohome/internal/app/controllers/Node.go:309.2,311.16 2 1
github.com/ltruelove/gohome/internal/app/controllers/Node.go:311.16,315.3 3 0
github.com/ltruelove/gohome/internal/app/controllers/Node.go:317.2,319.16 2 1
github.com/ltruelove/gohome/internal/app/controllers/Node.go:319.16,323.3 3 0
github.com/ltruelove/gohome/internal/app/controllers/Node.go:325.2,326.31 2 1
github.com/ltruelove/gohome/internal/app/controllers/Node.go:329.103,337.16 5 1
github.com/ltruelove/gohome/internal/app/controllers/Node.go:337.16,341.3 3 0
github.com/ltruelove/gohome/internal/app/controllers/Node.go:343.2,343.45 1 1
github.com/ltruelove/gohome/internal/app/controllers/Node.go:343.45,347.3 3 0
github.com/ltruelove/gohome/internal/app/controllers/Node.go:349.2,352.16 3 1
github.com/ltruelove/gohome/internal/app/controllers/Node.go:352.16,356.3 3 0
github.com/ltruelove/gohome/internal/app/controllers/Node.go:358.2,360.16 2 1
github.com/ltruelove/gohome/internal/app/controllers/Node.go:360.16,364.3 3 0
github.com/ltruelove/gohome/internal/app/controllers/Node.go:366.2,368.16 2 1
github.com/ltruelove/gohome/internal/app/controllers/Node.go:368.16,372.3 3 0
github.com/ltruelove/gohome/internal/app/controllers/Node.go:374.2,376.16 2 1
github.com/ltruelove/gohome/internal/app/controllers/Node.go:376.16,380.3 3 0
github.com/ltruelove/gohome/internal/app/controllers/Node.go:382.2,386.16 4 1
github.com/ltruelove/gohome/internal/app/controllers/Node.go:386.16,390.3 3 0
github.com/ltruelove/gohome/internal/app/controllers/Node.go:392.2,392.52 1 1
github.com/ltruelove/gohome/internal/app/controllers/Node.go:395.102,402.16 5 1
github.com/ltruelove/gohome/internal/app/controllers/Node.go:402.16,406.3 3 0
github.com/ltruelove/gohome/internal/app/controllers/Node.go:408.2,408.45 1 1
github.com/ltruelove/gohome/internal/app/controllers/Node.go:408.45,412.3 3 0
github.com/ltruelove/gohome/internal/app/controllers/Node.go:414.2,417.16 3 1
github.com/ltruelove/gohome/internal/app/controllers/Node.go:417.16,421.3 3 0
github.com/ltruelove/gohome/internal/app/controllers/Node.go:423.2,425.16 2 1
github.com/ltruelove/gohome/internal/app/controllers/Node.go:425.16,429.3 3 0
github.com/ltruelove/gohome/internal/app/controllers/Node.go:431.2,433.16 2 1
github.com/ltruelove/gohome/internal/app/controllers/Node.go:433.16,437.3 3 0
github.com/ltruelove/gohome/internal/app/controllers/Node.go:439.2,441.16 2 1
github.com/ltruelove/gohome/internal/app/controllers/Node.go:441.16,445.3 3 0
github.com/ltruelove/gohome/internal/app/controllers/Node.go:447.2,453.16 4 1
github.com/ltruelove/gohome/internal/app/controllers/Node.go:453.16,457.3 3 0
github.com/ltruelove/gohome/internal/app/controllers/Node.go:459.2,459.58 1 1
github.com/ltruelove/gohome/internal/app/controllers/Node.go:462.100,468.16 4 1
github.com/ltruelove/gohome/internal/app/controllers/Node.go:468.16,472.3 3 0
github.com/ltruelove/gohome/internal/app/controllers/Node.go:474.2,476.16 2 1
github.com/ltruelove/gohome/internal/app/controllers/Node.go:476.16,480.3 3 0
github.com/ltruelove/gohome/internal/app/controllers/Node.go:482.2,484.16 2 1
github.com/ltruelove/gohome/internal/app/controllers/Node.go:484.16,488.3 3 0
github.com/ltruelove/gohome/internal/app/controllers/Node.go:490.2,496.16 4 1
github.com/ltruelove/gohome/internal/app/controllers/Node.go:496.16,500.3 3 0
github.com/ltruelove/gohome/internal/app/controllers/Node.go:502.2,502.60 1 1
github.com/ltruelove/gohome/internal/app/controllers/Node.go:505.98,513.16 5 1
github.com/ltruelove/gohome/internal/app/controllers/Node.go:513.16,517.3 3 0
github.com/ltruelove/gohome/internal/app/controllers/Node.go:519.2,523.16 3 1
github.com/ltruelove/gohome/internal/app/controllers/Node.go:523.16,527.3 3 0
github.com/ltruelove/gohome/internal/app/controllers/Node.go:529.2,533.16 3 1
github.com/ltruelove/gohome/internal/app/controllers/Node.go:533.16,537.3 3 0
github.com/ltruelove/gohome/internal/app/controllers/Node.go:539.2,546.16 4 1
github.com/ltruelove/gohome/internal/app/controllers/Node.go:546.16,550.3 3 0
github.com/ltruelove/gohome/internal/app/controllers/Node.go:552.2,554.16 2 1
github.com/ltruelove/gohome/internal/app/controllers/Node.go:554.16,558.3 3 0
github.com/ltruelove/gohome/internal/app/controllers/Node.go:560.2,560.34 1 1
github.com/ltruelove/gohome/internal/app/controllers/Node.go:563.101,570.16 5 1
github.com/ltruelove/gohome/internal/app/controllers/Node.go:570.16,574.3 3 0
github.com/ltruelove/gohome/internal/app/controllers/Node.go:576.2,578.16 2 1
github.com/ltruelove/gohome/internal/app/controllers/Node.go:578.16,582.3 3 0
github.com/ltruelove/gohome/internal/app/controllers/Node.go:584.2,584.46 1 1
github.com/ltruelove/gohome/internal/app/controllers/Node.go:587.101,591.16 3 1
github.com/ltruelove/gohome/internal/app/controllers/Node.go:591.16,595.3 3 0
github.com/ltruelove/gohome/internal/app/controllers/Node.go:597.2,599.16 2 1
github.com/ltruelove/gohome/internal/app/controllers/Node.go:599.16,603.3 3 0
github.com/ltruelove/gohome/internal/app/controllers/Node.go:605.2,612.16 5 1
github.com/ltruelove/gohome/internal/app/controllers/Node.go:612.16,616.3 3 0
github.com/ltruelove/gohome/internal/app/controllers/Node.go:618.2,619.31 2 1
github.com/ltruelove/gohome/internal/app/controllers/Node.go:619.31,626.17 5 1
github.com/ltruelove/gohome/internal/app/controllers/Node.go:626.17,630.4 3 0
github.com/ltruelove/gohome/internal/app/controllers/Node.go:632.3,632.43 1 1
github.com/ltruelove/gohome/internal/app/controllers/Node.go:635.2,637.16 2 1
github.com/ltruelove/gohome/internal/app/controllers/Node.go:637.16,641.3 3 0
github.com/ltruelove/gohome/internal/app/controllers/Node.go:643.2,643.31 1 1
github.com/ltruelove/gohome/internal/app/controllers/Node.go:646.101,652.16 4 1
github.com/ltruelove/gohome/internal/app/controllers/Node.go:652.16,656.3 3 0
github.com/ltruelove/gohome/internal/app/controllers/Node.go:658.2,660.16 2 1
github.com/ltruelove/gohome/internal/app/controllers/Node.go:660.16,664.3 3 0
github.com/ltruelove/gohome/internal/app/controllers/Node.go:666.2,668.16 2 1
github.com/ltruelove/gohome/internal/app/controllers/Node.go:668.16,672.3 3 0
github.com/ltruelove/gohome/internal/app/controllers/Node.go:674.2,680.16 4 1
github.com/ltruelove/gohome/internal/app/controllers/Node.go:680.16,684.3 3 0
github.com/ltruelove/gohome/internal/app/controllers/Node.go:686.2,686.61 1 1
github.com/ltruelove/gohome/internal/app/controllers/Node.go:689.99,696.16 5 1
github.com/ltruelove/gohome/internal/app/controllers/Node.go:696.16,700.3 3 0
github.com/ltruelove/gohome/internal/app/controllers/Node.go:702.2,704.16 2 1
github.com/ltruelove/gohome/internal/app/controllers/Node.go:704.16,709.3 4 0
github.com/ltruelove/gohome/internal/app/controllers/Node.go:711.2,713.16 2 1
github.com/ltruelove/gohome/internal/app/controllers/Node.go:713.16,717.3 3 0
github.com/ltruelove/gohome/internal/app/controllers/Node.go:719.2,719.11 1 1
github.com/ltruelove/gohome/internal/app/controllers/Node.go:719.11,723.3 3 0
github.com/ltruelove/gohome/internal/app/controllers/Node.go:725.2,727.16 2 1
github.com/ltruelove/gohome/internal/app/controllers/Node.go:727.16,731.3 3 0
github.com/ltruelove/gohome/internal/app/controllers/Node.go:734.102,740.16 4 1
github.com/ltruelove/gohome/internal/app/controllers/Node.go:740.16,744.3 3 0
github.com/ltruelove/gohome/internal/app/controllers/Node.go:746.2,751.16 4 1
github.com/ltruelove/gohome/internal/app/controllers/Node.go:751.16,755.3 3 0
github.com/ltruelove/gohome/internal/app/controllers/Node.go:757.2,757.45 1 1
github.com/ltruelove/gohome/internal/app/controllers/Node.go:757.45,761.3 3 0
github.com/ltruelove/gohome/internal/app/controllers/Node.go:763.2,765.16 2 1
github.com/ltruelove/gohome/internal/app/controllers/Node.go:765.16,769.3 3 0
github.com/ltruelove/gohome/internal/app/controllers/Node.go:771.2,773.16 2 1
github.com/ltruelove/gohome/internal/app/controllers/Node.go:773.16,777.3 3 0
github.com/ltruelove/gohome/internal/app/controllers/Node.go:779.2,785.16 4 1
github.com/ltruelove/gohome/internal/app/controllers/Node.go:785.16,789.3 3 0
github.com/ltruelove/gohome/internal/app/controllers/Node.go:791.2,791.57 1 1
github.com/ltruelove/gohome/internal/app/controllers/NodeSensor.go:19.71,21.2 1 0
github.com/ltruelove/gohome/internal/app/controllers/NodeSensor.go:27.140,32.2 1 1
github.com/ltruelove/gohome/internal/app/controllers/NodeSensor.go:34.99,39.16 3 1
github.com/ltruelove/gohome/internal/app/controllers/NodeSensor.go:39.16,43.3 3 0
github.com/ltruelove/gohome/internal/app/controllers/NodeSensor.go:45.2,47.16 2 1
github.com/ltruelove/gohome/internal/app/controllers/NodeSensor.go:47.16,51.3 3 0
github.com/ltruelove/gohome/internal/app/controllers/NodeSensor.go:53.2,55.33 2 1
github.com/ltruelove/gohome/internal/app/controllers/NodeSensor.go:55.33,59.38 3 1
github.com/ltruelove/gohome/internal/app/controllers/NodeSensor.go:59.38,61.42 2 1
github.com/ltruelove/gohome/internal/app/controllers/NodeSensor.go:61.42,63.5 1 1
github.com/ltruelove/gohome/internal/app/controllers/NodeSensor.go:66.3,70.51 4 1
github.com/ltruelove/gohome/internal/app/controllers/NodeSensor.go:73.2,75.16 2 1
github.com/ltruelove/gohome/internal/app/controllers/NodeSensor.go:75.16,79.3 3 0
github.com/ltruelove/gohome/internal/app/controllers/NodeSensor.go:81.2,82.31 2 1
github.com/ltruelove/gohome/internal/app/controllers/NodeSwitch.go:23.144,28.2 1 1
github.com/ltruelove/gohome/internal/app/controllers/NodeSwitch.go:30.71,32.2 1 0
github.com/ltruelove/gohome/internal/app/controllers/NodeSwitch.go:34.99,39.16 3 1
github.com/ltruelove/gohome/internal/app/controllers/NodeSwitch.go:39.16,43.3 3 0
github.com/ltruelove/gohome/internal/app/controllers/NodeSwitch.go:45.2,47.16 2 1
github.com/ltruelove/gohome/internal/app/controllers/NodeSwitch.go:47.16,51.3 3 0
github.com/ltruelove/gohome/internal/app/controllers/NodeSwitch.go:53.2,55.38 2 1
github.com/ltruelove/gohome/internal/app/controllers/NodeSwitch.go:55.38,59.38 3 1
github.com/ltruelove/gohome/internal/app/controllers/NodeSwitch.go:59.38,61.42 2 1
github.com/ltruelove/gohome/internal/app/controllers/NodeSwitch.go:61.42,63.5 1 1
github.com/ltruelove/gohome/internal/app/controllers/NodeSwitch.go:66.3,70.51 4 1
github.com/ltruelove/gohome/internal/app/controllers/NodeSwitch.go:73.2,75.16 2 1
github.com/ltruelove/gohome/internal/app/controllers/NodeSwitch.go:75.16,79.3 3 0
github.com/ltruelove/gohome/internal/app/controllers/NodeSwitch.go:81.2,82.31 2 1
github.com/ltruelove/gohome/internal/app/controllers/PinController.go:12.62,15.2 2 0
github.com/ltruelove/gohome/internal/app/controllers/PinController.go:17.66,22.16 4 0
github.com/ltruelove/gohome/internal/app/controllers/PinController.go:22.16,23.13 1 0
github.com/ltruelove/gohome/internal/app/controllers/PinController.go:26.2,29.16 3 0
github.com/ltruelove/gohome/internal/app/controllers/PinController.go:29.16,32.3 2 0
github.com/ltruelove/gohome/internal/app/controllers/PinController.go:34.2,35.27 2 0
github.com/ltruelove/gohome/internal/app/controllers/SensorType.go:24.140,29.2 1 1
github.com/ltruelove/gohome/internal/app/controllers/SensorType.go:31.71,35.2 3 0
github.com/ltruelove/gohome/internal/app/controllers/SensorType.go:37.99,44.21 4 1
github.com/ltruelove/gohome/internal/app/controllers/SensorType.go:44.21,48.3 3 0
github.com/ltruelove/gohome/internal/app/controllers/SensorType.go:50.2,51.16 2 1
github.com/ltruelove/gohome/internal/app/controllers/SensorType.go:51.16,55.3 3 0
github.com/ltruelove/gohome/internal/app/controllers/SensorType.go:57.2,58.31 2 1
github.com/ltruelove/gohome/internal/app/controllers/SensorType.go:61.100,66.16 4 1
github.com/ltruelove/gohome/internal/app/controllers/SensorType.go:66.16,70.3 3 0
github.com/ltruelove/gohome/internal/app/controllers/SensorType.go:72.2,75.16 3 1
github.com/ltruelove/gohome/internal/app/controllers/SensorType.go:75.16,76.27 1 0
github.com/ltruelove/gohome/internal/app/controllers/SensorType.go:76.27,79.4 2 0
github.com/ltruelove/gohome/internal/app/controllers/SensorType.go:79.9,82.4 2 0
github.com/ltruelove/gohome/internal/app/controllers/SensorType.go:83.3,83.9 1 0
github.com/ltruelove/gohome/internal/app/controllers/SensorType.go:86.2,87.16 2 1
github.com/ltruelove/gohome/internal/app/controllers/SensorType.go:87.16,91.3 3 0
github.com/ltruelove/gohome/internal/app/controllers/SensorType.go:93.2,93.31 1 1
github.com/ltruelove/gohome/internal/app/controllers/SensorType.go:97.101,102.16 4 1
github.com/ltruelove/gohome/internal/app/controllers/SensorType.go:102.16,106.3 3 0
github.com/ltruelove/gohome/internal/app/controllers/SensorType.go:108.2,112.16 3 1
github.com/ltruelove/gohome/internal/app/controllers/SensorType.go:112.16,113.27 1 0
github.com/ltruelove/gohome/internal/app/controllers/SensorType.go:113.27,116.4 2 0
github.com/ltruelove/gohome/internal/app/controllers/SensorType.go:116.9,119.4 2 0
github.com/ltruelove/gohome/internal/app/controllers/SensorType.go:120.3,120.9 1 0
github.com/ltruelove/gohome/internal/app/controllers/SensorType.go:123.2,124.16 2 1
github.com/ltruelove/gohome/internal/app/controllers/SensorType.go:124.16,128.3 3 0
github.com/ltruelove/gohome/internal/app/controllers/SensorType.go:130.2,130.31 1 1
github.com/ltruelove/gohome/internal/app/controllers/SwitchType.go:23.102,27.2 1 1
github.com/ltruelove/gohome/internal/app/controllers/SwitchType.go:29.71,32.2 2 0
github.com/ltruelove/gohome/internal/app/controllers/SwitchType.go:34.99,41.21 4 1
github.com/ltruelove/gohome/internal/app/controllers/SwitchType.go:41.21,45.3 3 0
github.com/ltruelove/gohome/internal/app/controllers/SwitchType.go:47.2,48.16 2 1
github.com/ltruelove/gohome/internal/app/controllers/SwitchType.go:48.16,52.3 3 0
github.com/ltruelove/gohome/internal/app/controllers/SwitchType.go:54.2,55.31 2 1
github.com/ltruelove/gohome/internal/app/controllers/SwitchType.go:58.100,63.16 4 1
github.com/ltruelove/gohome/internal/app/controllers/SwitchType.go:63.16,67.3 3 0
github.com/ltruelove/gohome/internal/app/controllers/SwitchType.go:69.2,72.16 3 1
github.com/ltruelove/gohome/internal/app/controllers/SwitchType.go:72.16,73.27 1 0
github.com/ltruelove/gohome/internal/app/controllers/SwitchType.go:73.27,76.4 2 0
github.com/ltruelove/gohome/internal/app/controllers/SwitchType.go:76.9,79.4 2 0
github.com/ltruelove/gohome/internal/app/controllers/SwitchType.go:80.3,80.9 1 0
github.com/ltruelove/gohome/internal/app/controllers/SwitchType.go:83.2,84.16 2 1
github.com/ltruelove/gohome/internal/app/controllers/SwitchType.go:84.16,88.3 3 0
github.com/ltruelove/gohome/internal/app/controllers/SwitchType.go:90.2,90.31 1 1
[...]
github.com/ltruelove/gohome/internal/app/data/statements/ResistorLogDataStatements.go:105.72,106.34 1 0
github.com/ltruelove/gohome/internal/app/data/statements/ResistorLogDataStatements.go:106.34,108.3 1 0
github.com/ltruelove/gohome/internal/app/data/statements/ResistorLogDataStatements.go:108.8,110.3 1 0
github.com/ltruelove/gohome/internal/app/data/statements/ResistorLogDataStatements.go:113.78,115.2 1 0
github.com/ltruelove/gohome/internal/app/data/statements/SensorTypeDataStatements.go:9.78,11.2 1 0
github.com/ltruelove/gohome/internal/app/data/statements/SensorTypeDataStatements.go:13.64,14.34 1 0
github.com/ltruelove/gohome/internal/app/data/statements/SensorTypeDataStatements.go:14.34,16.3 1 0
github.com/ltruelove/gohome/internal/app/data/statements/SensorTypeDataStatements.go:16.8,18.3 1 0
github.com/ltruelove/gohome/internal/app/data/statements/SensorTypeDataStatements.go:21.65,22.34 1 0
github.com/ltruelove/gohome/internal/app/data/statements/SensorTypeDataStatements.go:22.34,24.3 1 0
github.com/ltruelove/gohome/internal/app/data/statements/SensorTypeDataStatements.go:24.8,26.3 1 0
github.com/ltruelove/gohome/internal/app/data/statements/SensorTypeDataStatements.go:29.71,30.34 1 0
github.com/ltruelove/gohome/internal/app/data/statements/SensorTypeDataStatements.go:30.34,32.3 1 0
github.com/ltruelove/gohome/internal/app/data/statements/SensorTypeDataStatements.go:32.8,34.3 1 0
github.com/ltruelove/gohome/internal/app/data/statements/SensorTypeDataStatements.go:37.77,39.2 1 0
github.com/ltruelove/gohome/internal/app/data/statements/SensorTypeDataStatements.go:41.61,42.34 1 0
github.com/ltruelove/gohome/internal/app/data/statements/SensorTypeDataStatements.go:42.34,44.3 1 0
github.com/ltruelove/gohome/internal/app/data/statements/SensorTypeDataStatements.go:44.8,46.3 1 0
github.com/ltruelove/gohome/internal/app/data/statements/SensorTypeDataStatements.go:49.61,50.34 1 0
github.com/ltruelove/gohome/internal/app/data/statements/SensorTypeDataStatements.go:50.34,52.3 1 0
github.com/ltruelove/gohome/internal/app/data/statements/SensorTypeDataStatements.go:52.8,54.3 1 0
github.com/ltruelove/gohome/internal/app/data/statements/SensorTypeDataStatements.go:57.61,58.34 1 0
github.com/ltruelove/gohome/internal/app/data/statements/SensorTypeDataStatements.go:58.34,60.3 1 0
github.com/ltruelove/gohome/internal/app/data/statements/SensorTypeDataStatements.go:60.8,62.3 1 0
github.com/ltruelove/gohome/internal/app/data/statements/SensorTypeDataStatements.go:65.71,66.34 1 0
github.com/ltruelove/gohome/internal/app/data/statements/SensorTypeDataStatements.go:66.34,68.3 1 0
github.com/ltruelove/gohome/internal/app/data/statements/SensorTypeDataStatements.go:68.8,70.3 1 0
github.com/ltruelove/gohome/internal/app/data/statements/SensorTypeDataStatements.go:73.64,74.34 1 0
github.com/ltruelove/gohome/internal/app/data/statements/SensorTypeDataStatements.go:74.34,76.3 1 0
github.com/ltruelove/gohome/internal/app/data/statements/SensorTypeDataStatements.go:76.8,78.3 1 0
github.com/ltruelove/gohome/internal/app/data/statements/SensorTypeDataStatements.go:81.77,83.2 1 0
github.com/ltruelove/gohome/internal/app/data/statements/SensorTypeStatements.go:9.74,11.2 1 0
github.com/ltruelove/gohome/internal/app/data/statements/SensorTypeStatements.go:13.60,14.34 1 0
github.com/ltruelove/gohome/internal/app/data/statements/SensorTypeStatements.go:14.34,16.3 1 0
github.com/ltruelove/gohome/internal/app/data/statements/SensorTypeStatements.go:16.8,18.3 1 0
github.com/ltruelove/gohome/internal/app/data/statements/SensorTypeStatements.go:22.61,23.34 1 0
github.com/ltruelove/gohome/internal/app/data/statements/SensorTypeStatements.go:23.34,25.3 1 0
github.com/ltruelove/gohome/internal/app/data/statements/SensorTypeStatements.go:25.8,27.3 1 0
github.com/ltruelove/gohome/internal/app/data/statements/SensorTypeStatements.go:30.67,32.2 1 0
github.com/ltruelove/gohome/internal/app/data/statements/SensorTypeStatements.go:34.73,36.2 1 0
github.com/ltruelove/gohome/internal/app/data/statements/SensorTypeStatements.go:38.57,39.34 1 0
github.com/ltruelove/gohome/internal/app/data/statements/SensorTypeStatements.go:39.34,41.3 1 0
github.com/ltruelove/gohome/internal/app/data/statements/SensorTypeStatements.go:41.8,43.3 1 0
github.com/ltruelove/gohome/internal/app/data/statements/SensorTypeStatements.go:46.57,47.34 1 0
github.com/ltruelove/gohome/internal/app/data/statements/SensorTypeStatements.go:47.34,49.3 1 0
github.com/ltruelove/gohome/internal/app/data/statements/SensorTypeStatements.go:49.8,51.3 1 0
github.com/ltruelove/gohome/internal/app/data/statements/SensorTypeStatements.go:54.57,55.34 1 0
github.com/ltruelove/gohome/internal/app/data/statements/SensorTypeStatements.go:55.34,57.3 1 0
github.com/ltruelove/gohome/internal/app/data/statements/SensorTypeStatements.go:57.8,59.3 1 0
github.com/ltruelove/gohome/internal/app/data/statements/SensorTypeStatements.go:62.60,63.34 1 0
github.com/ltruelove/gohome/internal/app/data/statements/SensorTypeStatements.go:63.34,65.3 1 0
github.com/ltruelove/gohome/internal/app/data/statements/SensorTypeStatements.go:65.8,67.3 1 0
github.com/ltruelove/gohome/internal/app/data/statements/SensorTypeStatements.go:70.67,72.2 1 0
github.com/ltruelove/gohome/internal/app/data/statements/SensorTypeStatements.go:74.73,76.2 1 0
github.com/ltruelove/gohome/internal/app/data/statements/SwitchTypeStatements.go:9.74,11.2 1 0
github.com/ltruelove/gohome/internal/app/data/statements/SwitchTypeStatements.go:13.60,14.34 1 0
github.com/ltruelove/gohome/internal/app/data/statements/SwitchTypeStatements.go:14.34,16.3 1 0
github.com/ltruelove/gohome/internal/app/data/statements/SwitchTypeStatements.go:16.8,18.3 1 0
github.com/ltruelove/gohome/internal/app/data/statements/SwitchTypeStatements.go:22.61,23.34 1 0
github.com/ltruelove/gohome/internal/app/data/statements/SwitchTypeStatements.go:23.34,25.3 1 0
github.com/ltruelove/gohome/internal/app/data/statements/SwitchTypeStatements.go:25.8,27.3 1 0
github.com/ltruelove/gohome/internal/app/data/statements/SwitchTypeStatements.go:30.67,31.34 1 0
github.com/ltruelove/gohome/internal/app/data/statements/SwitchTypeStatements.go:31.34,38.3 1 0
github.com/ltruelove/gohome/internal/app/data/statements/SwitchTypeStatements.go:38.8,45.3 1 0
github.com/ltruelove/gohome/internal/app/data/statements/SwitchTypeStatements.go:48.73,50.2 1 0
github.com/ltruelove/gohome/internal/app/data/statements/SwitchTypeStatements.go:52.57,53.34 1 0
github.com/ltruelove/gohome/internal/app/data/statements/SwitchTypeStatements.go:53.34,55.3 1 0
github.com/ltruelove/gohome/internal/app/data/statements/SwitchTypeStatements.go:55.8,57.3 1 0
github.com/ltruelove/gohome/internal/app/data/statements/SwitchTypeStatements.go:60.57,61.34 1 0
github.com/ltruelove/gohome/internal/app/data/statements/SwitchTypeStatements.go:61.34,63.3 1 0
github.com/ltruelove/gohome/internal/app/data/statements/SwitchTypeStatements.go:63.8,65.3 1 0
github.com/ltruelove/gohome/internal/app/data/statements/SwitchTypeStatements.go:68.57,69.34 1 0
github.com/ltruelove/gohome/internal/app/data/statements/SwitchTypeStatements.go:69.34,71.3 1 0
github.com/ltruelove/gohome/internal/app/data/statements/SwitchTypeStatements.go:71.8,73.3 1 0
github.com/ltruelove/gohome/internal/app/data/statements/SwitchTypeStatements.go:76.67,77.34 1 0
github.com/ltruelove/gohome/internal/app/data/statements/SwitchTypeStatements.go:77.34,79.3 1 0
github.com/ltruelove/gohome/internal/app/data/statements/SwitchTypeStatements.go:79.8,81.3 1 0
github.com/ltruelove/gohome/internal/app/data/statements/SwitchTypeStatements.go:84.60,85.34 1 0
github.com/ltruelove/gohome/internal/app/data/statements/SwitchTypeStatements.go:85.34,87.3 1 0
github.com/ltruelove/gohome/internal/app/data/statements/SwitchTypeStatements.go:87.8,89.3 1 0
github.com/ltruelove/gohome/internal/app/data/statements/SwitchTypeStatements.go:92.73,94.2 1 0
github.com/ltruelove/gohome/internal/app/data/statements/TempLogDataStatements.go:9.75,11.2 1 0
github.com/ltruelove/gohome/internal/app/data/statements/TempLogDataStatements.go:13.61,14.34 1 0
github.com/ltruelove/gohome/internal/app/data/statements/TempLogDataStatements.go:14.34,22.3 1 0
github.com/ltruelove/gohome/internal/app/data/statements/TempLogDataStatements.go:22.8,30.3 1 0
github.com/ltruelove/gohome/internal/app/data/statements/TempLogDataStatements.go:33.62,34.34 1 0
github.com/ltruelove/gohome/internal/app/data/statements/TempLogDataStatements.go:34.34,43.3 1 0
github.com/ltruelove/gohome/internal/app/data/statements/TempLogDataStatements.go:43.8,52.3 1 0
github.com/ltruelove/gohome/internal/app/data/statements/TempLogDataStatements.go:55.68,56.34 1 0
github.com/ltruelove/gohome/internal/app/data/statements/TempLogDataStatements.go:56.34,65.3 1 0
github.com/ltruelove/gohome/internal/app/data/statements/TempLogDataStatements.go:65.8,74.3 1 0
github.com/ltruelove/gohome/internal/app/data/statements/TempLogDataStatements.go:77.74,79.2 1 0
github.com/ltruelove/gohome/internal/app/data/statements/TempLogDataStatements.go:81.58,82.34 1 0
github.com/ltruelove/gohome/internal/app/data/statements/TempLogDataStatements.go:82.34,86.3 1 0
github.com/ltruelove/gohome/internal/app/data/statements/TempLogDataStatements.go:86.8,90.3 1 0
github.com/ltruelove/gohome/internal/app/data/statements/TempLogDataStatements.go:93.58,94.34 1 0
github.com/ltruelove/gohome/internal/app/data/statements/TempLogDataStatements.go:94.34,96.3 1 0
github.com/ltruelove/gohome/internal/app/data/statements/TempLogDataStatements.go:96.8,98.3 1 0
github.com/ltruelove/gohome/internal/app/data/statements/TempLogDataStatements.go:101.58,102.34 1 0
github.com/ltruelove/gohome/internal/app/data/statements/TempLogDataStatements.go:102.34,104.3 1 0
github.com/ltruelove/gohome/internal/app/data/statements/TempLogDataStatements.go:104.8,106.3 1 0
github.com/ltruelove/gohome/internal/app/data/statements/TempLogDataStatements.go:109.61,110.34 1 0
github.com/ltruelove/gohome/internal/app/data/statements/TempLogDataStatements.go:110.34,112.3 1 0
github.com/ltruelove/gohome/internal/app/data/statements/TempLogDataStatements.go:112.8,114.3 1 0
github.com/ltruelove/gohome/internal/app/data/statements/TempLogDataStatements.go:117.68,118.34 1 0
github.com/ltruelove/gohome/internal/app/data/statements/TempLogDataStatements.go:118.34,120.3 1 0
github.com/ltruelove/gohome/internal/app/data/statements/TempLogDataStatements.go:120.8,122.3 1 0
github.com/ltruelove/gohome/internal/app/data/statements/TempLogDataStatements.go:125.74,127.2 1 0
github.com/ltruelove/gohome/internal/app/data/statements/ViewDataStatements.go:9.72,11.2 1 0
github.com/ltruelove/gohome/internal/app/data/statements/ViewDataStatements.go:13.58,14.34 1 0
github.com/ltruelove/gohome/internal/app/data/statements/ViewDataStatements.go:14.34,19.3 1 0
github.com/ltruelove/gohome/internal/app/data/statements/ViewDataStatements.go:19.8,24.3 1 0
github.com/ltruelove/gohome/internal/app/data/statements/ViewDataStatements.go:27.59,28.34 1 0
github.com/ltruelove/gohome/internal/app/data/statements/ViewDataStatements.go:28.34,34.3 1 0
github.com/ltruelove/gohome/internal/app/data/statements/ViewDataStatements.go:34.8,40.3 1 0
github.com/ltruelove/gohome/internal/app/data/statements/ViewDataStatements.go:43.65,45.2 1 0
github.com/ltruelove/gohome/internal/app/data/statements/ViewDataStatements.go:47.71,49.2 1 0
github.com/ltruelove/gohome/internal/app/data/statements/ViewDataStatements.go:51.55,52.34 1 0
github.com/ltruelove/gohome/internal/app/data/statements/ViewDataStatements.go:52.34,54.3 1 0
github.com/ltruelove/gohome/internal/app/data/statements/ViewDataStatements.go:54.8,56.3 1 0
github.com/ltruelove/gohome/internal/app/data/statements/ViewDataStatements.go:59.55,60.34 1 0
github.com/ltruelove/gohome/internal/app/data/statements/ViewDataStatements.go:60.34,62.3 1 0
github.com/ltruelove/gohome/internal/app/data/statements/ViewDataStatements.go:62.8,64.3 1 0
github.com/ltruelove/gohome/internal/app/data/statements/ViewDataStatements.go:67.55,68.34 1 0
github.com/ltruelove/gohome/internal/app/data/statements/ViewDataStatements.go:68.34,70.3 1 0
github.com/ltruelove/gohome/internal/app/data/statements/ViewDataStatements.go:70.8,72.3 1 0
github.com/ltruelove/gohome/internal/app/data/statements/ViewDataStatements.go:75.58,76.34 1 0
github.com/ltruelove/gohome/internal/app/data/statements/ViewDataStatements.go:76.34,78.3 1 0
github.com/ltruelove/gohome/internal/app/data/statements/ViewDataStatements.go:78.8,80.3 1 0
github.com/ltruelove/gohome/internal/app/data/statements/ViewDataStatements.go:83.65,85.2 1 0
github.com/ltruelove/gohome/internal/app/data/statements/ViewDataStatements.go:87.71,89.2 1 0
github.com/ltruelove/gohome/internal/app/data/statements/ViewNodeSensorDataStatements.go:9.82,11.2 1 0
github.com/ltruelove/gohome/internal/app/data/statements/ViewNodeSensorDataStatements.go:13.68,14.34 1 0
github.com/ltruelove/gohome/internal/app/data/statements/ViewNodeSensorDataStatements.go:14.34,23.3 1 0
github.com/ltruelove/gohome/internal/app/data/statements/ViewNodeSensorDataStatements.go:23.8,31.3 1 0
github.com/ltruelove/gohome/internal/app/data/statements/ViewNodeSensorDataStatements.go:35.69,36.34 1 0
github.com/ltruelove/gohome/internal/app/data/statements/ViewNodeSensorDataStatements.go:36.34,46.3 1 0
github.com/ltruelove/gohome/internal/app/data/statements/ViewNodeSensorDataStatements.go:46.8,55.3 1 0
github.com/ltruelove/gohome/internal/app/data/statements/ViewNodeSensorDataStatements.go:59.75,60.34 1 0
github.com/ltruelove/gohome/internal/app/data/statements/ViewNodeSensorDataStatements.go:60.34,70.3 1 0
github.com/ltruelove/gohome/internal/app/data/statements/ViewNodeSensorDataStatements.go:70.8,79.3 1 0
github.com/ltruelove/gohome/internal/app/data/statements/ViewNodeSensorDataStatements.go:82.81,83.34 1 0
github.com/ltruelove/gohome/internal/app/data/statements/ViewNodeSensorDataStatements.go:83.34,99.3 1 0
github.com/ltruelove/gohome/internal/app/data/statements/ViewNodeSensorDataStatements.go:99.8,114.3 1 0
github.com/ltruelove/gohome/internal/app/data/statements/ViewNodeSensorDataStatements.go:117.65,118.34 1 0
github.com/ltruelove/gohome/internal/app/data/statements/ViewNodeSensorDataStatements.go:118.34,122.3 1 0
github.com/ltruelove/gohome/internal/app/data/statements/ViewNodeSensorDataStatements.go:122.8,126.3 1 0
github.com/ltruelove/gohome/internal/app/data/statements/ViewNodeSensorDataStatements.go:129.65,130.34 1 0
github.com/ltruelove/gohome/internal/app/data/statements/ViewNodeSensorDataStatements.go:130.34,134.3 1 0
github.com/ltruelove/gohome/internal/app/data/statements/ViewNodeSensorDataStatements.go:134.8,138.3 1 0
github.com/ltruelove/gohome/internal/app/data/statements/ViewNodeSensorDataStatements.go:141.65,142.34 1 0
github.com/ltruelove/gohome/internal/app/data/statements/ViewNodeSensorDataStatements.go:142.34,145.3 1 0
github.com/ltruelove/gohome/internal/app/data/statements/ViewNodeSensorDataStatements.go:145.8,148.3 1 0
github.com/ltruelove/gohome/internal/app/data/statements/ViewNodeSensorDataStatements.go:151.75,152.34 1 0
github.com/ltruelove/gohome/internal/app/data/statements/ViewNodeSensorDataStatements.go:152.34,155.3 1 0
github.com/ltruelove/gohome/internal/app/data/statements/ViewNodeSensorDataStatements.go:155.8,158.3 1 0
github.com/ltruelove/gohome/internal/app/data/statements/ViewNodeSensorDataStatements.go:161.68,162.34 1 0
github.com/ltruelove/gohome/internal/app/data/statements/ViewNodeSensorDataStatements.go:162.34,164.3 1 0
github.com/ltruelove/gohome/internal/app/data/statements/ViewNodeSensorDataStatements.go:164.8,166.3 1 0
github.com/ltruelove/gohome/internal/app/data/statements/ViewNodeSensorDataStatements.go:169.81,170.34 1 0
github.com/ltruelove/gohome/internal/app/data/statements/ViewNodeSensorDataStatements.go:170.34,173.3 1 0
github.com/ltruelove/gohome/internal/app/data/statements/ViewNodeSensorDataStatements.go:173.8,176.3 1 0
github.com/ltruelove/gohome/internal/app/data/statements/ViewNodeSwitchDataStatements.go:9.82,11.2 1 0
github.com/ltruelove/gohome/internal/app/data/statements/ViewNodeSwitchDataStatements.go:13.68,14.34 1 0
github.com/ltruelove/gohome/internal/app/data/statements/ViewNodeSwitchDataStatements.go:14.34,23.3 1 0
github.com/ltruelove/gohome/internal/app/data/statements/ViewNodeSwitchDataStatements.go:23.8,31.3 1 0
github.com/ltruelove/gohome/internal/app/data/statements/ViewNodeSwitchDataStatements.go:35.69,36.34 1 0
github.com/ltruelove/gohome/internal/app/data/statements/ViewNodeSwitchDataStatements.go:36.34,46.3 1 0
github.com/ltruelove/gohome/internal/app/data/statements/ViewNodeSwitchDataStatements.go:46.8,55.3 1 0
github.com/ltruelove/gohome/internal/app/data/statements/ViewNodeSwitchDataStatements.go:59.75,60.34 1 0
github.com/ltruelove/gohome/internal/app/data/statements/ViewNodeSwitchDataStatements.go:60.34,70.3 1 0
github.com/ltruelove/gohome/internal/app/data/statements/ViewNodeSwitchDataStatements.go:70.8,79.3 1 0
github.com/ltruelove/gohome/internal/app/data/statements/ViewNodeSwitchDataStatements.go:82.81,83.34 1 0
github.com/ltruelove/gohome/internal/app/data/statements/ViewNodeSwitchDataStatements.go:83.34,99.3 1 0
github.com/ltruelove/gohome/internal/app/data/statements/ViewNodeSwitchDataStatements.go:99.8,114.3 1 0
github.com/ltruelove/gohome/internal/app/data/statements/ViewNodeSwitchDataStatements.go:117.65,118.34 1 0
github.com/ltruelove/gohome/internal/app/data/statements/ViewNodeSwitchDataStatements.go:118.34,122.3 1 0
github.com/ltruelove/gohome/internal/app/data/statements/ViewNodeSwitchDataStatements.go:122.8,126.3 1 0
github.com/ltruelove/gohome/internal/app/data/statements/ViewNodeSwitchDataStatements.go:129.65,130.34 1 0
github.com/ltruelove/gohome/internal/app/data/statements/ViewNodeSwitchDataStatements.go:130.34,134.3 1 0
github.com/ltruelove/gohome/internal/app/data/statements/ViewNodeSwitchDataStatements.go:134.8,138.3 1 0
github.com/ltruelove/gohome/internal/app/data/statements/ViewNodeSwitchDataStatements.go:141.65,142.34 1 0
github.com/ltruelove/gohome/internal/app/data/statements/ViewNodeSwitchDataStatements.go:142.34,145.3 1 0
github.com/ltruelove/gohome/internal/app/data/statements/ViewNodeSwitchDataStatements.go:145.8,148.3 1 0
github.com/ltruelove/gohome/internal/app/data/statements/ViewNodeSwitchDataStatements.go:151.75,152.34 1 0
github.com/ltruelove/gohome/internal/app/data/statements/ViewNodeSwitchDataStatements.go:152.34,155.3 1 0
github.com/ltruelove/gohome/internal/app/data/statements/ViewNodeSwitchDataStatements.go:155.8,158.3 1 0
github.com/ltruelove/gohome/internal/app/data/statements/ViewNodeSwitchDataStatements.go:161.68,162.34 1 0
github.com/ltruelove/gohome/internal/app/data/statements/ViewNodeSwitchDataStatements.go:162.34,164.3 1 0
github.com/ltruelove/gohome/internal/app/data/statements/ViewNodeSwitchDataStatements.go:164.8,166.3 1 0
github.com/ltruelove/gohome/internal/app/data/statements/ViewNodeSwitchDataStatements.go:169.81,170.34 1 0
github.com/ltruelove/gohome/internal/app/data/statements/ViewNodeSwitchDataStatements.go:170.34,173.3 1 0
github.com/ltruelove/gohome/internal/app/data/statements/ViewNodeSwitchDataStatements.go:173.8,176.3 1 0
github.com/ltruelove/gohome/internal/app/setup/db.go:14.58,28.2 6 0
github.com/ltruelove/gohome/internal/app/setup/db.go:30.30,35.2 3 0
github.com/ltruelove/gohome/internal/app/setup/db.go:37.30,42.2 3 0
github.com/ltruelove/gohome/internal/app/setup/db.go:44.37,49.2 3 0
github.com/ltruelove/gohome/internal/app/setup/mysql_db.go:14.55,27.2 9 0
github.com/ltruelove/gohome/internal/app/setup/setup.go:10.50,11.30 1 0
github.com/ltruelove/gohome/internal/app/setup/setup.go:11.30,13.3 1 0
github.com/ltruelove/gohome/internal/app/setup/setup.go:13.8,15.3 1 0
github.com/ltruelove/gohome/internal/app/setup/setup.go:18.26,19.16 1 0
github.com/ltruelove/gohome/internal/app/setup/setup.go:19.16,21.13 2 0
